2026-03-15 07:15:10 [info]: Socket.IO server initialized
2026-03-15 07:15:10 [info]: 
  ╔═══════════════════════════════════════════════════════╗
  ║            🏥  CareSignal Backend v1.0.0              ║
  ╠═══════════════════════════════════════════════════════╣
  ║  Server:   http://localhost:3001                      ║
  ║  API:      http://localhost:3001/api/v1               ║
  ║  Swagger:  http://localhost:3001/api-docs             ║
  ║  Health:   http://localhost:3001/health               ║
  ║  Env:      development                          ║
  ╚═══════════════════════════════════════════════════════╝
  
2026-03-15 07:15:53 [info]: SIGINT received. Starting graceful shutdown...
2026-03-15 07:15:53 [info]: HTTP server closed
2026-03-15 07:19:22 [info]: Socket.IO server initialized
2026-03-15 07:19:22 [info]: 
  ╔═══════════════════════════════════════════════════════╗
  ║            🏥  CareSignal Backend v1.0.0              ║
  ╠═══════════════════════════════════════════════════════╣
  ║  Server:   http://localhost:3001                      ║
  ║  API:      http://localhost:3001/api/v1               ║
  ║  Swagger:  http://localhost:3001/api-docs             ║
  ║  Health:   http://localhost:3001/health               ║
  ║  Env:      development                          ║
  ╚═══════════════════════════════════════════════════════╝
  
2026-03-15 07:19:42 [info]: SIGINT received. Starting graceful shutdown...
2026-03-15 07:22:41 [info]: Socket.IO server initialized
2026-03-15 07:22:41 [info]: 
  ╔═══════════════════════════════════════════════════════╗
  ║            🏥  CareSignal Backend v1.0.0              ║
  ╠═══════════════════════════════════════════════════════╣
  ║  Server:   http://localhost:3001                      ║
  ║  API:      http://localhost:3001/api/v1               ║
  ║  Swagger:  http://localhost:3001/api-docs             ║
  ║  Health:   http://localhost:3001/health               ║
  ║  Env:      development                          ║
  ╚═══════════════════════════════════════════════════════╝
  
2026-03-15 07:22:51 [info]: SIGINT received. Starting graceful shutdown...
2026-03-15 07:22:51 [info]: HTTP server closed
2026-03-15 07:23:10 [info]: Socket.IO server initialized
2026-03-15 07:23:10 [info]: 
  ╔═══════════════════════════════════════════════════════╗
  ║            🏥  CareSignal Backend v1.0.0              ║
  ╠═══════════════════════════════════════════════════════╣
  ║  Server:   http://localhost:3001                      ║
  ║  API:      http://localhost:3001/api/v1               ║
  ║  Swagger:  http://localhost:3001/api-docs             ║
  ║  Health:   http://localhost:3001/health               ║
  ║  Env:      development                          ║
  ╚═══════════════════════════════════════════════════════╝
  
2026-03-15 07:23:23 [info]: SIGINT received. Starting graceful shutdown...
2026-03-15 07:23:47 [info]: Socket.IO server initialized
2026-03-15 07:23:47 [info]: 
  ╔═══════════════════════════════════════════════════════╗
  ║            🏥  CareSignal Backend v1.0.0              ║
  ╠═══════════════════════════════════════════════════════╣
  ║  Server:   http://localhost:3001                      ║
  ║  API:      http://localhost:3001/api/v1               ║
  ║  Swagger:  http://localhost:3001/api-docs             ║
  ║  Health:   http://localhost:3001/health               ║
  ║  Env:      development                          ║
  ╚═══════════════════════════════════════════════════════╝
  
2026-03-15 07:23:53 [info]: ::1 - - [15/Mar/2026:05:23:53 +0000] "GET /api-docs HTTP/1.1" 301 158 "-" "Mozilla/5.0 (Windows NT 10.0; Win64; x64) AppleWebKit/537.36 (KHTML, like Gecko) Chrome/146.0.0.0 Safari/537.36"
2026-03-15 07:23:53 [info]: ::1 - - [15/Mar/2026:05:23:53 +0000] "GET /api-docs/ HTTP/1.1" 200 3165 "-" "Mozilla/5.0 (Windows NT 10.0; Win64; x64) AppleWebKit/537.36 (KHTML, like Gecko) Chrome/146.0.0.0 Safari/537.36"
2026-03-15 07:23:53 [info]: ::1 - - [15/Mar/2026:05:23:53 +0000] "GET /api-docs/swagger-ui-init.js HTTP/1.1" 200 21863 "-" "Mozilla/5.0 (Windows NT 10.0; Win64; x64) AppleWebKit/537.36 (KHTML, like Gecko) Chrome/146.0.0.0 Safari/537.36"
2026-03-15 07:23:53 [info]: ::1 - - [15/Mar/2026:05:23:53 +0000] "GET /api-docs/swagger-ui.css HTTP/1.1" 200 178591 "-" "Mozilla/5.0 (Windows NT 10.0; Win64; x64) AppleWebKit/537.36 (KHTML, like Gecko) Chrome/146.0.0.0 Safari/537.36"
2026-03-15 07:23:53 [info]: ::1 - - [15/Mar/2026:05:23:53 +0000] "GET /api-docs/swagger-ui-standalone-preset.js HTTP/1.1" 200 251697 "-" "Mozilla/5.0 (Windows NT 10.0; Win64; x64) AppleWebKit/537.36 (KHTML, like Gecko) Chrome/146.0.0.0 Safari/537.36"
2026-03-15 07:23:53 [info]: ::1 - - [15/Mar/2026:05:23:53 +0000] "GET /api-docs/swagger-ui-bundle.js HTTP/1.1" 200 1525208 "-" "Mozilla/5.0 (Windows NT 10.0; Win64; x64) AppleWebKit/537.36 (KHTML, like Gecko) Chrome/146.0.0.0 Safari/537.36"
2026-03-15 07:23:55 [info]: ::1 - - [15/Mar/2026:05:23:55 +0000] "GET /api-docs/favicon-32x32.png HTTP/1.1" 200 628 "-" "Mozilla/5.0 (Windows NT 10.0; Win64; x64) AppleWebKit/537.36 (KHTML, like Gecko) Chrome/146.0.0.0 Safari/537.36"
2026-03-15 07:34:33 [info]: Socket.IO server initialized
2026-03-15 07:34:33 [info]: 
  ╔═══════════════════════════════════════════════════════╗
  ║            🏥  CareSignal Backend v1.0.0              ║
  ╠═══════════════════════════════════════════════════════╣
  ║  Server:   http://localhost:3001                      ║
  ║  API:      http://localhost:3001/api/v1               ║
  ║  Swagger:  http://localhost:3001/api-docs             ║
  ║  Health:   http://localhost:3001/health               ║
  ║  Env:      development                          ║
  ╚═══════════════════════════════════════════════════════╝
  
2026-03-15 07:34:47 [info]: Socket.IO server initialized
2026-03-15 07:34:47 [info]: 
  ╔═══════════════════════════════════════════════════════╗
  ║            🏥  CareSignal Backend v1.0.0              ║
  ╠═══════════════════════════════════════════════════════╣
  ║  Server:   http://localhost:3001                      ║
  ║  API:      http://localhost:3001/api/v1               ║
  ║  Swagger:  http://localhost:3001/api-docs             ║
  ║  Health:   http://localhost:3001/health               ║
  ║  Env:      development                          ║
  ╚═══════════════════════════════════════════════════════╝
  
2026-03-15 07:35:05 [info]: Socket.IO server initialized
2026-03-15 07:35:05 [info]: 
  ╔═══════════════════════════════════════════════════════╗
  ║            🏥  CareSignal Backend v1.0.0              ║
  ╠═══════════════════════════════════════════════════════╣
  ║  Server:   http://localhost:3001                      ║
  ║  API:      http://localhost:3001/api/v1               ║
  ║  Swagger:  http://localhost:3001/api-docs             ║
  ║  Health:   http://localhost:3001/health               ║
  ║  Env:      development                          ║
  ╚═══════════════════════════════════════════════════════╝
  
2026-03-15 07:35:19 [info]: Socket.IO server initialized
2026-03-15 07:35:19 [info]: 
  ╔═══════════════════════════════════════════════════════╗
  ║            🏥  CareSignal Backend v1.0.0              ║
  ╠═══════════════════════════════════════════════════════╣
  ║  Server:   http://localhost:3001                      ║
  ║  API:      http://localhost:3001/api/v1               ║
  ║  Swagger:  http://localhost:3001/api-docs             ║
  ║  Health:   http://localhost:3001/health               ║
  ║  Env:      development                          ║
  ╚═══════════════════════════════════════════════════════╝
  
2026-03-15 07:35:39 [info]: Socket.IO server initialized
2026-03-15 07:35:39 [info]: 
  ╔═══════════════════════════════════════════════════════╗
  ║            🏥  CareSignal Backend v1.0.0              ║
  ╠═══════════════════════════════════════════════════════╣
  ║  Server:   http://localhost:3001                      ║
  ║  API:      http://localhost:3001/api/v1               ║
  ║  Swagger:  http://localhost:3001/api-docs             ║
  ║  Health:   http://localhost:3001/health               ║
  ║  Env:      development                          ║
  ╚═══════════════════════════════════════════════════════╝
  
2026-03-15 07:35:54 [info]: Socket.IO server initialized
2026-03-15 07:35:54 [info]: 
  ╔═══════════════════════════════════════════════════════╗
  ║            🏥  CareSignal Backend v1.0.0              ║
  ╠═══════════════════════════════════════════════════════╣
  ║  Server:   http://localhost:3001                      ║
  ║  API:      http://localhost:3001/api/v1               ║
  ║  Swagger:  http://localhost:3001/api-docs             ║
  ║  Health:   http://localhost:3001/health               ║
  ║  Env:      development                          ║
  ╚═══════════════════════════════════════════════════════╝
  
2026-03-15 07:36:12 [info]: Socket.IO server initialized
2026-03-15 07:36:12 [info]: 
  ╔═══════════════════════════════════════════════════════╗
  ║            🏥  CareSignal Backend v1.0.0              ║
  ╠═══════════════════════════════════════════════════════╣
  ║  Server:   http://localhost:3001                      ║
  ║  API:      http://localhost:3001/api/v1               ║
  ║  Swagger:  http://localhost:3001/api-docs             ║
  ║  Health:   http://localhost:3001/health               ║
  ║  Env:      development                          ║
  ╚═══════════════════════════════════════════════════════╝
  
2026-03-15 07:36:22 [info]: Socket.IO server initialized
2026-03-15 07:36:22 [info]: 
  ╔═══════════════════════════════════════════════════════╗
  ║            🏥  CareSignal Backend v1.0.0              ║
  ╠═══════════════════════════════════════════════════════╣
  ║  Server:   http://localhost:3001                      ║
  ║  API:      http://localhost:3001/api/v1               ║
  ║  Swagger:  http://localhost:3001/api-docs             ║
  ║  Health:   http://localhost:3001/health               ║
  ║  Env:      development                          ║
  ╚═══════════════════════════════════════════════════════╝
  
2026-03-15 07:36:32 [info]: Socket.IO server initialized
2026-03-15 07:36:32 [info]: 
  ╔═══════════════════════════════════════════════════════╗
  ║            🏥  CareSignal Backend v1.0.0              ║
  ╠═══════════════════════════════════════════════════════╣
  ║  Server:   http://localhost:3001                      ║
  ║  API:      http://localhost:3001/api/v1               ║
  ║  Swagger:  http://localhost:3001/api-docs             ║
  ║  Health:   http://localhost:3001/health               ║
  ║  Env:      development                          ║
  ╚═══════════════════════════════════════════════════════╝
  
2026-03-15 07:36:56 [info]: Socket.IO server initialized
2026-03-15 07:36:56 [info]: 
  ╔═══════════════════════════════════════════════════════╗
  ║            🏥  CareSignal Backend v1.0.0              ║
  ╠═══════════════════════════════════════════════════════╣
  ║  Server:   http://localhost:3001                      ║
  ║  API:      http://localhost:3001/api/v1               ║
  ║  Swagger:  http://localhost:3001/api-docs             ║
  ║  Health:   http://localhost:3001/health               ║
  ║  Env:      development                          ║
  ╚═══════════════════════════════════════════════════════╝
  
2026-03-15 07:37:13 [info]: Socket.IO server initialized
2026-03-15 07:37:13 [info]: 
  ╔═══════════════════════════════════════════════════════╗
  ║            🏥  CareSignal Backend v1.0.0              ║
  ╠═══════════════════════════════════════════════════════╣
  ║  Server:   http://localhost:3001                      ║
  ║  API:      http://localhost:3001/api/v1               ║
  ║  Swagger:  http://localhost:3001/api-docs             ║
  ║  Health:   http://localhost:3001/health               ║
  ║  Env:      development                          ║
  ╚═══════════════════════════════════════════════════════╝
  
2026-03-15 07:37:33 [info]: Socket.IO server initialized
2026-03-15 07:37:33 [info]: 
  ╔═══════════════════════════════════════════════════════╗
  ║            🏥  CareSignal Backend v1.0.0              ║
  ╠═══════════════════════════════════════════════════════╣
  ║  Server:   http://localhost:3001                      ║
  ║  API:      http://localhost:3001/api/v1               ║
  ║  Swagger:  http://localhost:3001/api-docs             ║
  ║  Health:   http://localhost:3001/health               ║
  ║  Env:      development                          ║
  ╚═══════════════════════════════════════════════════════╝
  
2026-03-15 07:37:49 [info]: Socket.IO server initialized
2026-03-15 07:37:49 [info]: 
  ╔═══════════════════════════════════════════════════════╗
  ║            🏥  CareSignal Backend v1.0.0              ║
  ╠═══════════════════════════════════════════════════════╣
  ║  Server:   http://localhost:3001                      ║
  ║  API:      http://localhost:3001/api/v1               ║
  ║  Swagger:  http://localhost:3001/api-docs             ║
  ║  Health:   http://localhost:3001/health               ║
  ║  Env:      development                          ║
  ╚═══════════════════════════════════════════════════════╝
  
2026-03-15 07:38:15 [info]: Socket.IO server initialized
2026-03-15 07:38:15 [info]: 
  ╔═══════════════════════════════════════════════════════╗
  ║            🏥  CareSignal Backend v1.0.0              ║
  ╠═══════════════════════════════════════════════════════╣
  ║  Server:   http://localhost:3001                      ║
  ║  API:      http://localhost:3001/api/v1               ║
  ║  Swagger:  http://localhost:3001/api-docs             ║
  ║  Health:   http://localhost:3001/health               ║
  ║  Env:      development                          ║
  ╚═══════════════════════════════════════════════════════╝
  
2026-03-15 07:38:30 [info]: Socket.IO server initialized
2026-03-15 07:38:30 [info]: 
  ╔═══════════════════════════════════════════════════════╗
  ║            🏥  CareSignal Backend v1.0.0              ║
  ╠═══════════════════════════════════════════════════════╣
  ║  Server:   http://localhost:3001                      ║
  ║  API:      http://localhost:3001/api/v1               ║
  ║  Swagger:  http://localhost:3001/api-docs             ║
  ║  Health:   http://localhost:3001/health               ║
  ║  Env:      development                          ║
  ╚═══════════════════════════════════════════════════════╝
  
2026-03-15 07:38:40 [info]: Socket.IO server initialized
2026-03-15 07:38:40 [info]: 
  ╔═══════════════════════════════════════════════════════╗
  ║            🏥  CareSignal Backend v1.0.0              ║
  ╠═══════════════════════════════════════════════════════╣
  ║  Server:   http://localhost:3001                      ║
  ║  API:      http://localhost:3001/api/v1               ║
  ║  Swagger:  http://localhost:3001/api-docs             ║
  ║  Health:   http://localhost:3001/health               ║
  ║  Env:      development                          ║
  ╚═══════════════════════════════════════════════════════╝
  
2026-03-15 07:38:53 [info]: Socket.IO server initialized
2026-03-15 07:38:53 [info]: 
  ╔═══════════════════════════════════════════════════════╗
  ║            🏥  CareSignal Backend v1.0.0              ║
  ╠═══════════════════════════════════════════════════════╣
  ║  Server:   http://localhost:3001                      ║
  ║  API:      http://localhost:3001/api/v1               ║
  ║  Swagger:  http://localhost:3001/api-docs             ║
  ║  Health:   http://localhost:3001/health               ║
  ║  Env:      development                          ║
  ╚═══════════════════════════════════════════════════════╝
  
2026-03-15 07:39:11 [info]: Socket.IO server initialized
2026-03-15 07:39:11 [info]: 
  ╔═══════════════════════════════════════════════════════╗
  ║            🏥  CareSignal Backend v1.0.0              ║
  ╠═══════════════════════════════════════════════════════╣
  ║  Server:   http://localhost:3001                      ║
  ║  API:      http://localhost:3001/api/v1               ║
  ║  Swagger:  http://localhost:3001/api-docs             ║
  ║  Health:   http://localhost:3001/health               ║
  ║  Env:      development                          ║
  ╚═══════════════════════════════════════════════════════╝
  
2026-03-15 07:39:32 [info]: Socket.IO server initialized
2026-03-15 07:39:32 [info]: 
  ╔═══════════════════════════════════════════════════════╗
  ║            🏥  CareSignal Backend v1.0.0              ║
  ╠═══════════════════════════════════════════════════════╣
  ║  Server:   http://localhost:3001                      ║
  ║  API:      http://localhost:3001/api/v1               ║
  ║  Swagger:  http://localhost:3001/api-docs             ║
  ║  Health:   http://localhost:3001/health               ║
  ║  Env:      development                          ║
  ╚═══════════════════════════════════════════════════════╝
  
2026-03-15 07:40:03 [info]: Socket.IO server initialized
2026-03-15 07:40:03 [info]: 
  ╔═══════════════════════════════════════════════════════╗
  ║            🏥  CareSignal Backend v1.0.0              ║
  ╠═══════════════════════════════════════════════════════╣
  ║  Server:   http://localhost:3001                      ║
  ║  API:      http://localhost:3001/api/v1               ║
  ║  Swagger:  http://localhost:3001/api-docs             ║
  ║  Health:   http://localhost:3001/health               ║
  ║  Env:      development                          ║
  ╚═══════════════════════════════════════════════════════╝
  
2026-03-15 07:40:20 [info]: Socket.IO server initialized
2026-03-15 07:40:20 [info]: 
  ╔═══════════════════════════════════════════════════════╗
  ║            🏥  CareSignal Backend v1.0.0              ║
  ╠═══════════════════════════════════════════════════════╣
  ║  Server:   http://localhost:3001                      ║
  ║  API:      http://localhost:3001/api/v1               ║
  ║  Swagger:  http://localhost:3001/api-docs             ║
  ║  Health:   http://localhost:3001/health               ║
  ║  Env:      development                          ║
  ╚═══════════════════════════════════════════════════════╝
  
2026-03-15 07:40:33 [info]: Socket.IO server initialized
2026-03-15 07:40:33 [info]: 
  ╔═══════════════════════════════════════════════════════╗
  ║            🏥  CareSignal Backend v1.0.0              ║
  ╠═══════════════════════════════════════════════════════╣
  ║  Server:   http://localhost:3001                      ║
  ║  API:      http://localhost:3001/api/v1               ║
  ║  Swagger:  http://localhost:3001/api-docs             ║
  ║  Health:   http://localhost:3001/health               ║
  ║  Env:      development                          ║
  ╚═══════════════════════════════════════════════════════╝
  
2026-03-15 07:41:32 [info]: Socket.IO server initialized
2026-03-15 07:41:32 [info]: 
  ╔═══════════════════════════════════════════════════════╗
  ║            🏥  CareSignal Backend v1.0.0              ║
  ╠═══════════════════════════════════════════════════════╣
  ║  Server:   http://localhost:3001                      ║
  ║  API:      http://localhost:3001/api/v1               ║
  ║  Swagger:  http://localhost:3001/api-docs             ║
  ║  Health:   http://localhost:3001/health               ║
  ║  Env:      development                          ║
  ╚═══════════════════════════════════════════════════════╝
  
2026-03-15 07:42:02 [info]: Socket.IO server initialized
2026-03-15 07:42:02 [info]: 
  ╔═══════════════════════════════════════════════════════╗
  ║            🏥  CareSignal Backend v1.0.0              ║
  ╠═══════════════════════════════════════════════════════╣
  ║  Server:   http://localhost:3001                      ║
  ║  API:      http://localhost:3001/api/v1               ║
  ║  Swagger:  http://localhost:3001/api-docs             ║
  ║  Health:   http://localhost:3001/health               ║
  ║  Env:      development                          ║
  ╚═══════════════════════════════════════════════════════╝
  
2026-03-15 07:42:13 [info]: Socket.IO server initialized
2026-03-15 07:42:13 [info]: 
  ╔═══════════════════════════════════════════════════════╗
  ║            🏥  CareSignal Backend v1.0.0              ║
  ╠═══════════════════════════════════════════════════════╣
  ║  Server:   http://localhost:3001                      ║
  ║  API:      http://localhost:3001/api/v1               ║
  ║  Swagger:  http://localhost:3001/api-docs             ║
  ║  Health:   http://localhost:3001/health               ║
  ║  Env:      development                          ║
  ╚═══════════════════════════════════════════════════════╝
  
2026-03-15 07:43:32 [info]: Socket.IO server initialized
2026-03-15 07:43:32 [info]: 
  ╔═══════════════════════════════════════════════════════╗
  ║            🏥  CareSignal Backend v1.0.0              ║
  ╠═══════════════════════════════════════════════════════╣
  ║  Server:   http://localhost:3001                      ║
  ║  API:      http://localhost:3001/api/v1               ║
  ║  Swagger:  http://localhost:3001/api-docs             ║
  ║  Health:   http://localhost:3001/health               ║
  ║  Env:      development                          ║
  ╚═══════════════════════════════════════════════════════╝
  
2026-03-15 07:44:15 [info]: Socket.IO server initialized
2026-03-15 07:44:15 [info]: 
  ╔═══════════════════════════════════════════════════════╗
  ║            🏥  CareSignal Backend v1.0.0              ║
  ╠═══════════════════════════════════════════════════════╣
  ║  Server:   http://localhost:3001                      ║
  ║  API:      http://localhost:3001/api/v1               ║
  ║  Swagger:  http://localhost:3001/api-docs             ║
  ║  Health:   http://localhost:3001/health               ║
  ║  Env:      development                          ║
  ╚═══════════════════════════════════════════════════════╝
  
2026-03-15 07:44:52 [info]: ::1 - - [15/Mar/2026:05:44:52 +0000] "GET /swagger.json HTTP/1.1" 200 8901 "-" "Mozilla/5.0 (Windows NT; Windows NT 10.0; en-US) WindowsPowerShell/5.1.26100.7019"
2026-03-15 07:53:47 [info]: Socket.IO server initialized
2026-03-15 07:53:47 [info]: 
  ╔═══════════════════════════════════════════════════════╗
  ║            🏥  CareSignal Backend v1.0.0              ║
  ╠═══════════════════════════════════════════════════════╣
  ║  Server:   http://localhost:3001                      ║
  ║  API:      http://localhost:3001/api/v1               ║
  ║  Swagger:  http://localhost:3001/api-docs             ║
  ║  Health:   http://localhost:3001/health               ║
  ║  Env:      development                          ║
  ╚═══════════════════════════════════════════════════════╝
  
2026-03-15 07:59:01 [info]: Socket.IO server initialized
2026-03-15 07:59:01 [info]: 
  ╔═══════════════════════════════════════════════════════╗
  ║            🏥  CareSignal Backend v1.0.0              ║
  ╠═══════════════════════════════════════════════════════╣
  ║  Server:   http://localhost:3001                      ║
  ║  API:      http://localhost:3001/api/v1               ║
  ║  Swagger:  http://localhost:3001/api-docs             ║
  ║  Health:   http://localhost:3001/health               ║
  ║  Env:      development                          ║
  ╚═══════════════════════════════════════════════════════╝
  
2026-03-15 07:59:43 [info]: ::1 - - [15/Mar/2026:05:59:43 +0000] "GET /swagger.json HTTP/1.1" 200 8901 "-" "Mozilla/5.0 (Windows NT; Windows NT 10.0; en-US) WindowsPowerShell/5.1.26100.7019"
2026-03-15 08:02:23 [info]: Socket.IO server initialized
2026-03-15 08:02:23 [info]: 
  ╔═══════════════════════════════════════════════════════╗
  ║            🏥  CareSignal Backend v1.0.0              ║
  ╠═══════════════════════════════════════════════════════╣
  ║  Server:   http://localhost:3001                      ║
  ║  API:      http://localhost:3001/api/v1               ║
  ║  Swagger:  http://localhost:3001/api-docs             ║
  ║  Health:   http://localhost:3001/health               ║
  ║  Env:      development                          ║
  ╚═══════════════════════════════════════════════════════╝
  
2026-03-15 08:06:48 [info]: Socket.IO server initialized
2026-03-15 08:06:48 [info]: 
  ╔═══════════════════════════════════════════════════════╗
  ║            🏥  CareSignal Backend v1.0.0              ║
  ╠═══════════════════════════════════════════════════════╣
  ║  Server:   http://localhost:3001                      ║
  ║  API:      http://localhost:3001/api/v1               ║
  ║  Swagger:  http://localhost:3001/api-docs             ║
  ║  Health:   http://localhost:3001/health               ║
  ║  Env:      development                          ║
  ╚═══════════════════════════════════════════════════════╝
  
2026-03-15 08:06:56 [info]: ::1 - - [15/Mar/2026:06:06:56 +0000] "GET /api-docs/ HTTP/1.1" 304 - "-" "Mozilla/5.0 (Windows NT 10.0; Win64; x64) AppleWebKit/537.36 (KHTML, like Gecko) Chrome/146.0.0.0 Safari/537.36"
2026-03-15 08:06:56 [info]: ::1 - - [15/Mar/2026:06:06:56 +0000] "GET /api-docs/swagger-ui.css HTTP/1.1" 304 - "-" "Mozilla/5.0 (Windows NT 10.0; Win64; x64) AppleWebKit/537.36 (KHTML, like Gecko) Chrome/146.0.0.0 Safari/537.36"
2026-03-15 08:06:56 [info]: ::1 - - [15/Mar/2026:06:06:56 +0000] "GET /api-docs/swagger-ui-init.js HTTP/1.1" 304 - "-" "Mozilla/5.0 (Windows NT 10.0; Win64; x64) AppleWebKit/537.36 (KHTML, like Gecko) Chrome/146.0.0.0 Safari/537.36"
2026-03-15 08:06:56 [info]: ::1 - - [15/Mar/2026:06:06:56 +0000] "GET /api-docs/swagger-ui-bundle.js HTTP/1.1" 304 - "-" "Mozilla/5.0 (Windows NT 10.0; Win64; x64) AppleWebKit/537.36 (KHTML, like Gecko) Chrome/146.0.0.0 Safari/537.36"
2026-03-15 08:06:56 [info]: ::1 - - [15/Mar/2026:06:06:56 +0000] "GET /api-docs/swagger-ui-standalone-preset.js HTTP/1.1" 304 - "-" "Mozilla/5.0 (Windows NT 10.0; Win64; x64) AppleWebKit/537.36 (KHTML, like Gecko) Chrome/146.0.0.0 Safari/537.36"
2026-03-15 08:06:57 [info]: ::1 - - [15/Mar/2026:06:06:57 +0000] "GET /api-docs/favicon-32x32.png HTTP/1.1" 304 - "-" "Mozilla/5.0 (Windows NT 10.0; Win64; x64) AppleWebKit/537.36 (KHTML, like Gecko) Chrome/146.0.0.0 Safari/537.36"
2026-03-15 08:07:11 [info]: ::1 - - [15/Mar/2026:06:07:11 +0000] "GET /api-docs/swagger-ui.css HTTP/1.1" 304 - "-" "Mozilla/5.0 (Windows NT 10.0; Win64; x64) AppleWebKit/537.36 (KHTML, like Gecko) Chrome/146.0.0.0 Safari/537.36"
2026-03-15 08:07:11 [info]: ::1 - - [15/Mar/2026:06:07:11 +0000] "GET /.well-known/appspecific/com.chrome.devtools.json HTTP/1.1" 404 112 "-" "Mozilla/5.0 (Windows NT 10.0; Win64; x64) AppleWebKit/537.36 (KHTML, like Gecko) Chrome/146.0.0.0 Safari/537.36"
2026-03-15 08:07:13 [info]: ::1 - - [15/Mar/2026:06:07:13 +0000] "GET /api-docs/swagger-ui.css.map HTTP/1.1" 200 278552 "-" "Mozilla/5.0 (Windows NT 10.0; Win64; x64) AppleWebKit/537.36 (KHTML, like Gecko) Chrome/146.0.0.0 Safari/537.36"
2026-03-15 08:09:48 [info]: Socket.IO server initialized
2026-03-15 08:09:48 [info]: 
  ╔═══════════════════════════════════════════════════════╗
  ║            🏥  CareSignal Backend v1.0.0              ║
  ╠═══════════════════════════════════════════════════════╣
  ║  Server:   http://localhost:3001                      ║
  ║  API:      http://localhost:3001/api/v1               ║
  ║  Swagger:  http://localhost:3001/api-docs             ║
  ║  Health:   http://localhost:3001/health               ║
  ║  Env:      development                          ║
  ╚═══════════════════════════════════════════════════════╝
  
2026-03-15 08:10:07 [info]: ::1 - - [15/Mar/2026:06:10:07 +0000] "GET /swagger.json HTTP/1.1" 200 33157 "-" "Mozilla/5.0 (Windows NT; Windows NT 10.0; en-US) WindowsPowerShell/5.1.26100.7019"
2026-03-15 08:11:51 [info]: ::1 - - [15/Mar/2026:06:11:51 +0000] "GET /api-docs/ HTTP/1.1" 304 - "-" "Mozilla/5.0 (Windows NT 10.0; Win64; x64) AppleWebKit/537.36 (KHTML, like Gecko) Chrome/146.0.0.0 Safari/537.36"
2026-03-15 08:11:51 [info]: ::1 - - [15/Mar/2026:06:11:51 +0000] "GET /api-docs/swagger-ui.css HTTP/1.1" 304 - "-" "Mozilla/5.0 (Windows NT 10.0; Win64; x64) AppleWebKit/537.36 (KHTML, like Gecko) Chrome/146.0.0.0 Safari/537.36"
2026-03-15 08:11:51 [info]: ::1 - - [15/Mar/2026:06:11:51 +0000] "GET /api-docs/swagger-ui-init.js HTTP/1.1" 200 80239 "-" "Mozilla/5.0 (Windows NT 10.0; Win64; x64) AppleWebKit/537.36 (KHTML, like Gecko) Chrome/146.0.0.0 Safari/537.36"
2026-03-15 08:11:51 [info]: ::1 - - [15/Mar/2026:06:11:51 +0000] "GET /api-docs/swagger-ui-bundle.js HTTP/1.1" 304 - "-" "Mozilla/5.0 (Windows NT 10.0; Win64; x64) AppleWebKit/537.36 (KHTML, like Gecko) Chrome/146.0.0.0 Safari/537.36"
2026-03-15 08:11:51 [info]: ::1 - - [15/Mar/2026:06:11:51 +0000] "GET /api-docs/swagger-ui-standalone-preset.js HTTP/1.1" 304 - "-" "Mozilla/5.0 (Windows NT 10.0; Win64; x64) AppleWebKit/537.36 (KHTML, like Gecko) Chrome/146.0.0.0 Safari/537.36"
2026-03-15 08:11:53 [info]: ::1 - - [15/Mar/2026:06:11:53 +0000] "GET /api-docs/favicon-32x32.png HTTP/1.1" 304 - "-" "Mozilla/5.0 (Windows NT 10.0; Win64; x64) AppleWebKit/537.36 (KHTML, like Gecko) Chrome/146.0.0.0 Safari/537.36"
2026-03-15 08:13:44 [error]: Error: ENOENT: no such file or directory, scandir 'C:\Users\tanaka.majuru\Downloads\SAAS DOCS\Governance SaaS Application\backend\src\migrations'
    at Object.readdirSync (node:fs:1569:26)
    at runMigrations (C:\Users\tanaka.majuru\Downloads\SAAS DOCS\Governance SaaS Application\backend\src\scripts\migrate.ts:20:22)
    at processTicksAndRejections (node:internal/process/task_queues:103:5)
2026-03-15 08:14:08 [error]: Error: ENOENT: no such file or directory, scandir 'C:\Users\tanaka.majuru\Downloads\SAAS DOCS\Governance SaaS Application\backend\src\migrations'
    at Object.readdirSync (node:fs:1569:26)
    at runMigrations (C:\Users\tanaka.majuru\Downloads\SAAS DOCS\Governance SaaS Application\backend\src\scripts\migrate.ts:20:22)
    at processTicksAndRejections (node:internal/process/task_queues:103:5)
2026-03-15 08:16:08 [error]: Error: ENOENT: no such file or directory, scandir 'C:\Users\tanaka.majuru\Downloads\SAAS DOCS\Governance SaaS Application\backend\src\migrations'
    at Object.readdirSync (node:fs:1569:26)
    at runMigrations (C:\Users\tanaka.majuru\Downloads\SAAS DOCS\Governance SaaS Application\backend\src\scripts\migrate.ts:20:22)
    at processTicksAndRejections (node:internal/process/task_queues:103:5)
2026-03-15 08:19:31 [error]: Error: ENOENT: no such file or directory, scandir 'C:\Users\tanaka.majuru\Downloads\SAAS DOCS\Governance SaaS Application\backend\src\migrations'
    at Object.readdirSync (node:fs:1569:26)
    at runMigrations (C:\Users\tanaka.majuru\Downloads\SAAS DOCS\Governance SaaS Application\backend\src\scripts\migrate.ts:20:22)
    at processTicksAndRejections (node:internal/process/task_queues:103:5)
2026-03-15 08:23:24 [error]: Error: ENOENT: no such file or directory, scandir 'C:\Users\tanaka.majuru\Downloads\SAAS DOCS\Governance SaaS Application\backend\src\migrations'
    at Object.readdirSync (node:fs:1569:26)
    at runMigrations (C:\Users\tanaka.majuru\Downloads\SAAS DOCS\Governance SaaS Application\backend\src\scripts\migrate.ts:20:22)
    at processTicksAndRejections (node:internal/process/task_queues:103:5)
2026-03-15 08:24:02 [info]: ✅ Migration executed: 001_companies.sql
2026-03-15 08:24:02 [info]: ✅ Migration executed: 002_users.sql
2026-03-15 08:24:02 [info]: ✅ Migration executed: 003_roles_permissions.sql
2026-03-15 08:24:02 [info]: ✅ Migration executed: 004_houses.sql
2026-03-15 08:24:02 [info]: ✅ Migration executed: 005_risks.sql
2026-03-15 08:24:02 [info]: ✅ Migration executed: 006_incidents.sql
2026-03-15 08:24:02 [info]: ✅ Migration executed: 007_governance.sql
2026-03-15 08:24:02 [info]: ✅ Migration executed: 008_escalations.sql
2026-03-15 08:24:03 [info]: ✅ Migration executed: 009_notifications.sql
2026-03-15 08:24:03 [info]: ✅ Migration executed: 010_reports.sql
2026-03-15 08:24:03 [info]: ✅ Migration executed: 011_analytics.sql
2026-03-15 08:24:03 [info]: ✅ Migration executed: 012_system.sql
2026-03-15 08:24:03 [info]: All migrations completed!
2026-03-15 08:24:50 [info]: SIGINT received. Starting graceful shutdown...
2026-03-15 08:24:50 [info]: HTTP server closed
2026-03-15 08:24:54 [info]: Socket.IO server initialized
2026-03-15 08:24:54 [info]: 
  ╔═══════════════════════════════════════════════════════╗
  ║            🏥  CareSignal Backend v1.0.0              ║
  ╠═══════════════════════════════════════════════════════╣
  ║  Server:   http://localhost:3001                      ║
  ║  API:      http://localhost:3001/api/v1               ║
  ║  Swagger:  http://localhost:3001/api-docs             ║
  ║  Health:   http://localhost:3001/health               ║
  ║  Env:      development                          ║
  ╚═══════════════════════════════════════════════════════╝
  
2026-03-15 08:26:39 [info]: ::1 - - [15/Mar/2026:06:26:39 +0000] "GET /users HTTP/1.1" 404 69 "-" "Mozilla/5.0 (Windows NT 10.0; Win64; x64) AppleWebKit/537.36 (KHTML, like Gecko) Chrome/146.0.0.0 Safari/537.36"
2026-03-15 08:29:48 [info]: ::1 - - [15/Mar/2026:06:29:48 +0000] "POST /auth/login HTTP/1.1" 404 75 "-" "Mozilla/5.0 (Windows NT 10.0; Win64; x64) AppleWebKit/537.36 (KHTML, like Gecko) Chrome/146.0.0.0 Safari/537.36"
2026-03-15 08:31:02 [info]: Socket.IO server initialized
2026-03-15 08:31:02 [info]: 
  ╔═══════════════════════════════════════════════════════╗
  ║            🏥  CareSignal Backend v1.0.0              ║
  ╠═══════════════════════════════════════════════════════╣
  ║  Server:   http://localhost:3001                      ║
  ║  API:      http://localhost:3001/api/v1               ║
  ║  Swagger:  http://localhost:3001/api-docs             ║
  ║  Health:   http://localhost:3001/health               ║
  ║  Env:      development                          ║
  ╚═══════════════════════════════════════════════════════╝
  
2026-03-15 08:31:42 [info]: ::1 - - [15/Mar/2026:06:31:42 +0000] "POST /auth/login HTTP/1.1" 404 75 "-" "Mozilla/5.0 (Windows NT 10.0; Win64; x64) AppleWebKit/537.36 (KHTML, like Gecko) Chrome/146.0.0.0 Safari/537.36"
2026-03-15 08:32:32 [info]: ::1 - - [15/Mar/2026:06:32:32 +0000] "GET /swagger.json HTTP/1.1" 200 33171 "-" "curl/8.16.0"
2026-03-15 08:32:46 [info]: ::1 - - [15/Mar/2026:06:32:46 +0000] "GET /swagger.json HTTP/1.1" 200 33171 "-" "curl/8.16.0"
2026-03-15 08:33:21 [info]: Socket.IO server initialized
2026-03-15 08:33:21 [info]: 
  ╔═══════════════════════════════════════════════════════╗
  ║            🏥  CareSignal Backend v1.0.0              ║
  ╠═══════════════════════════════════════════════════════╣
  ║  Server:   http://localhost:3001                      ║
  ║  API:      http://localhost:3001/api/v1               ║
  ║  Swagger:  http://localhost:3001/api-docs             ║
  ║  Health:   http://localhost:3001/health               ║
  ║  Env:      development                          ║
  ╚═══════════════════════════════════════════════════════╝
  
2026-03-15 08:34:42 [info]: ::1 - - [15/Mar/2026:06:34:42 +0000] "POST /auth/login HTTP/1.1" 404 75 "-" "Mozilla/5.0 (Windows NT 10.0; Win64; x64) AppleWebKit/537.36 (KHTML, like Gecko) Chrome/146.0.0.0 Safari/537.36"
2026-03-15 08:35:17 [info]: ::1 - - [15/Mar/2026:06:35:17 +0000] "GET /api-docs/ HTTP/1.1" 304 - "-" "Mozilla/5.0 (Windows NT 10.0; Win64; x64) AppleWebKit/537.36 (KHTML, like Gecko) Chrome/146.0.0.0 Safari/537.36"
2026-03-15 08:35:17 [info]: ::1 - - [15/Mar/2026:06:35:17 +0000] "GET /api-docs/swagger-ui.css HTTP/1.1" 304 - "-" "Mozilla/5.0 (Windows NT 10.0; Win64; x64) AppleWebKit/537.36 (KHTML, like Gecko) Chrome/146.0.0.0 Safari/537.36"
2026-03-15 08:35:17 [info]: ::1 - - [15/Mar/2026:06:35:17 +0000] "GET /api-docs/swagger-ui-init.js HTTP/1.1" 200 85002 "-" "Mozilla/5.0 (Windows NT 10.0; Win64; x64) AppleWebKit/537.36 (KHTML, like Gecko) Chrome/146.0.0.0 Safari/537.36"
2026-03-15 08:35:17 [info]: ::1 - - [15/Mar/2026:06:35:17 +0000] "GET /api-docs/swagger-ui-bundle.js HTTP/1.1" 304 - "-" "Mozilla/5.0 (Windows NT 10.0; Win64; x64) AppleWebKit/537.36 (KHTML, like Gecko) Chrome/146.0.0.0 Safari/537.36"
2026-03-15 08:35:17 [info]: ::1 - - [15/Mar/2026:06:35:17 +0000] "GET /api-docs/swagger-ui-standalone-preset.js HTTP/1.1" 304 - "-" "Mozilla/5.0 (Windows NT 10.0; Win64; x64) AppleWebKit/537.36 (KHTML, like Gecko) Chrome/146.0.0.0 Safari/537.36"
2026-03-15 08:35:18 [info]: ::1 - - [15/Mar/2026:06:35:18 +0000] "GET /api-docs/favicon-32x32.png HTTP/1.1" 304 - "-" "Mozilla/5.0 (Windows NT 10.0; Win64; x64) AppleWebKit/537.36 (KHTML, like Gecko) Chrome/146.0.0.0 Safari/537.36"
2026-03-15 08:35:22 [info]: Socket.IO server initialized
2026-03-15 08:35:22 [info]: 
  ╔═══════════════════════════════════════════════════════╗
  ║            🏥  CareSignal Backend v1.0.0              ║
  ╠═══════════════════════════════════════════════════════╣
  ║  Server:   http://localhost:3001                      ║
  ║  API:      http://localhost:3001/api/v1               ║
  ║  Swagger:  http://localhost:3001/api-docs             ║
  ║  Health:   http://localhost:3001/health               ║
  ║  Env:      development                          ║
  ╚═══════════════════════════════════════════════════════╝
  
2026-03-15 08:35:42 [info]: ::1 - - [15/Mar/2026:06:35:42 +0000] "POST /api/v1/auth/login HTTP/1.1" 401 61 "-" "Mozilla/5.0 (Windows NT 10.0; Win64; x64) AppleWebKit/537.36 (KHTML, like Gecko) Chrome/146.0.0.0 Safari/537.36"
2026-03-15 08:35:55 [info]: ::1 - - [15/Mar/2026:06:35:55 +0000] "GET /swagger.json HTTP/1.1" 200 36052 "-" "curl/8.16.0"
2026-03-15 08:36:23 [info]: ::1 - - [15/Mar/2026:06:36:23 +0000] "GET /api-docs HTTP/1.1" 301 158 "-" "Mozilla/5.0 (Windows NT 10.0; Win64; x64) AppleWebKit/537.36 (KHTML, like Gecko) Chrome/146.0.0.0 Safari/537.36"
2026-03-15 08:36:23 [info]: ::1 - - [15/Mar/2026:06:36:23 +0000] "GET /api-docs/ HTTP/1.1" 200 3165 "-" "Mozilla/5.0 (Windows NT 10.0; Win64; x64) AppleWebKit/537.36 (KHTML, like Gecko) Chrome/146.0.0.0 Safari/537.36"
2026-03-15 08:36:23 [info]: ::1 - - [15/Mar/2026:06:36:23 +0000] "GET /api-docs/swagger-ui.css HTTP/1.1" 200 178591 "-" "Mozilla/5.0 (Windows NT 10.0; Win64; x64) AppleWebKit/537.36 (KHTML, like Gecko) Chrome/146.0.0.0 Safari/537.36"
2026-03-15 08:36:23 [info]: ::1 - - [15/Mar/2026:06:36:23 +0000] "GET /api-docs/swagger-ui-init.js HTTP/1.1" 200 84988 "-" "Mozilla/5.0 (Windows NT 10.0; Win64; x64) AppleWebKit/537.36 (KHTML, like Gecko) Chrome/146.0.0.0 Safari/537.36"
2026-03-15 08:36:23 [info]: ::1 - - [15/Mar/2026:06:36:23 +0000] "GET /api-docs/swagger-ui-standalone-preset.js HTTP/1.1" 200 251697 "-" "Mozilla/5.0 (Windows NT 10.0; Win64; x64) AppleWebKit/537.36 (KHTML, like Gecko) Chrome/146.0.0.0 Safari/537.36"
2026-03-15 08:36:23 [info]: ::1 - - [15/Mar/2026:06:36:23 +0000] "GET /api-docs/swagger-ui-bundle.js HTTP/1.1" 200 1525208 "-" "Mozilla/5.0 (Windows NT 10.0; Win64; x64) AppleWebKit/537.36 (KHTML, like Gecko) Chrome/146.0.0.0 Safari/537.36"
2026-03-15 08:36:24 [info]: ::1 - - [15/Mar/2026:06:36:24 +0000] "GET /api-docs/favicon-32x32.png HTTP/1.1" 200 628 "-" "Mozilla/5.0 (Windows NT 10.0; Win64; x64) AppleWebKit/537.36 (KHTML, like Gecko) Chrome/146.0.0.0 Safari/537.36"
2026-03-15 08:40:12 [info]: ::1 - - [15/Mar/2026:06:40:12 +0000] "POST /auth/login HTTP/1.1" 404 75 "-" "Mozilla/5.0 (Windows NT 10.0; Win64; x64) AppleWebKit/537.36 (KHTML, like Gecko) Chrome/146.0.0.0 Safari/537.36"
2026-03-15 08:41:22 [info]: ::1 - - [15/Mar/2026:06:41:22 +0000] "GET /api-docs/ HTTP/1.1" 304 - "-" "Mozilla/5.0 (Windows NT 10.0; Win64; x64) AppleWebKit/537.36 (KHTML, like Gecko) Chrome/146.0.0.0 Safari/537.36"
2026-03-15 08:41:22 [info]: ::1 - - [15/Mar/2026:06:41:22 +0000] "GET /api-docs/swagger-ui.css HTTP/1.1" 304 - "-" "Mozilla/5.0 (Windows NT 10.0; Win64; x64) AppleWebKit/537.36 (KHTML, like Gecko) Chrome/146.0.0.0 Safari/537.36"
2026-03-15 08:41:22 [info]: ::1 - - [15/Mar/2026:06:41:22 +0000] "GET /api-docs/swagger-ui-bundle.js HTTP/1.1" 304 - "-" "Mozilla/5.0 (Windows NT 10.0; Win64; x64) AppleWebKit/537.36 (KHTML, like Gecko) Chrome/146.0.0.0 Safari/537.36"
2026-03-15 08:41:22 [info]: ::1 - - [15/Mar/2026:06:41:22 +0000] "GET /api-docs/swagger-ui-standalone-preset.js HTTP/1.1" 304 - "-" "Mozilla/5.0 (Windows NT 10.0; Win64; x64) AppleWebKit/537.36 (KHTML, like Gecko) Chrome/146.0.0.0 Safari/537.36"
2026-03-15 08:41:22 [info]: ::1 - - [15/Mar/2026:06:41:22 +0000] "GET /api-docs/swagger-ui-init.js HTTP/1.1" 304 - "-" "Mozilla/5.0 (Windows NT 10.0; Win64; x64) AppleWebKit/537.36 (KHTML, like Gecko) Chrome/146.0.0.0 Safari/537.36"
2026-03-15 08:43:57 [info]: ::1 - - [15/Mar/2026:06:43:57 +0000] "POST /api/v1/auth/login HTTP/1.1" 400 73 "-" "Mozilla/5.0 (Windows NT 10.0; Win64; x64) AppleWebKit/537.36 (KHTML, like Gecko) Chrome/146.0.0.0 Safari/537.36"
2026-03-15 08:44:33 [info]: Socket.IO server initialized
2026-03-15 08:44:33 [info]: 
  ╔═══════════════════════════════════════════════════════╗
  ║            🏥  CareSignal Backend v1.0.0              ║
  ╠═══════════════════════════════════════════════════════╣
  ║  Server:   http://localhost:3001                      ║
  ║  API:      http://localhost:3001/api/v1               ║
  ║  Swagger:  http://localhost:3001/api-docs             ║
  ║  Health:   http://localhost:3001/health               ║
  ║  Env:      development                          ║
  ╚═══════════════════════════════════════════════════════╝
  
2026-03-15 08:45:29 [info]: ::1 - - [15/Mar/2026:06:45:29 +0000] "POST /api/v1/auth/login HTTP/1.1" 200 1015 "-" "Mozilla/5.0 (Windows NT; Windows NT 10.0; en-US) WindowsPowerShell/5.1.26100.7019"
2026-03-15 08:46:24 [info]: ::1 - - [15/Mar/2026:06:46:24 +0000] "POST /api/v1/auth/login HTTP/1.1" 400 73 "-" "Mozilla/5.0 (Windows NT 10.0; Win64; x64) AppleWebKit/537.36 (KHTML, like Gecko) Chrome/146.0.0.0 Safari/537.36"
2026-03-15 08:46:29 [info]: ::1 - - [15/Mar/2026:06:46:29 +0000] "POST /api/v1/auth/login HTTP/1.1" 400 73 "-" "Mozilla/5.0 (Windows NT 10.0; Win64; x64) AppleWebKit/537.36 (KHTML, like Gecko) Chrome/146.0.0.0 Safari/537.36"
2026-03-15 08:47:01 [info]: ::1 - - [15/Mar/2026:06:47:01 +0000] "POST /api/v1/auth/login HTTP/1.1" 400 73 "-" "Mozilla/5.0 (Windows NT 10.0; Win64; x64) AppleWebKit/537.36 (KHTML, like Gecko) Chrome/146.0.0.0 Safari/537.36"
2026-03-15 08:47:35 [info]: ::1 - - [15/Mar/2026:06:47:35 +0000] "GET /api-docs/ HTTP/1.1" 304 - "-" "Mozilla/5.0 (Windows NT 10.0; Win64; x64) AppleWebKit/537.36 (KHTML, like Gecko) Chrome/146.0.0.0 Safari/537.36"
2026-03-15 08:47:36 [info]: ::1 - - [15/Mar/2026:06:47:36 +0000] "GET /api-docs/swagger-ui.css HTTP/1.1" 304 - "-" "Mozilla/5.0 (Windows NT 10.0; Win64; x64) AppleWebKit/537.36 (KHTML, like Gecko) Chrome/146.0.0.0 Safari/537.36"
2026-03-15 08:47:36 [info]: ::1 - - [15/Mar/2026:06:47:36 +0000] "GET /api-docs/swagger-ui-bundle.js HTTP/1.1" 304 - "-" "Mozilla/5.0 (Windows NT 10.0; Win64; x64) AppleWebKit/537.36 (KHTML, like Gecko) Chrome/146.0.0.0 Safari/537.36"
2026-03-15 08:47:36 [info]: ::1 - - [15/Mar/2026:06:47:36 +0000] "GET /api-docs/swagger-ui-init.js HTTP/1.1" 200 86635 "-" "Mozilla/5.0 (Windows NT 10.0; Win64; x64) AppleWebKit/537.36 (KHTML, like Gecko) Chrome/146.0.0.0 Safari/537.36"
2026-03-15 08:47:36 [info]: ::1 - - [15/Mar/2026:06:47:36 +0000] "GET /api-docs/swagger-ui-standalone-preset.js HTTP/1.1" 304 - "-" "Mozilla/5.0 (Windows NT 10.0; Win64; x64) AppleWebKit/537.36 (KHTML, like Gecko) Chrome/146.0.0.0 Safari/537.36"
2026-03-15 08:47:36 [info]: ::1 - - [15/Mar/2026:06:47:36 +0000] "GET /api-docs/favicon-32x32.png HTTP/1.1" 304 - "-" "Mozilla/5.0 (Windows NT 10.0; Win64; x64) AppleWebKit/537.36 (KHTML, like Gecko) Chrome/146.0.0.0 Safari/537.36"
2026-03-15 08:47:43 [info]: ::1 - - [15/Mar/2026:06:47:43 +0000] "POST /api/v1/auth/login HTTP/1.1" 200 1037 "-" "Mozilla/5.0 (Windows NT 10.0; Win64; x64) AppleWebKit/537.36 (KHTML, like Gecko) Chrome/146.0.0.0 Safari/537.36"
2026-03-15 08:48:10 [info]: ::1 - - [15/Mar/2026:06:48:10 +0000] "GET /api/v1/auth/me HTTP/1.1" 200 814 "-" "Mozilla/5.0 (Windows NT 10.0; Win64; x64) AppleWebKit/537.36 (KHTML, like Gecko) Chrome/146.0.0.0 Safari/537.36"
2026-03-15 08:48:23 [info]: ::1 - - [15/Mar/2026:06:48:23 +0000] "POST /api/v1/companies HTTP/1.1" 400 126 "-" "Mozilla/5.0 (Windows NT 10.0; Win64; x64) AppleWebKit/537.36 (KHTML, like Gecko) Chrome/146.0.0.0 Safari/537.36"
2026-03-15 08:48:54 [info]: ::1 - - [15/Mar/2026:06:48:54 +0000] "GET /api/v1/companies HTTP/1.1" 200 389 "-" "Mozilla/5.0 (Windows NT 10.0; Win64; x64) AppleWebKit/537.36 (KHTML, like Gecko) Chrome/146.0.0.0 Safari/537.36"
2026-03-15 08:57:15 [info]: ::1 - - [15/Mar/2026:06:57:15 +0000] "POST /api/auth/login HTTP/1.1" 404 79 "http://localhost:5173/login" "Mozilla/5.0 (Windows NT 10.0; Win64; x64) AppleWebKit/537.36 (KHTML, like Gecko) Chrome/146.0.0.0 Safari/537.36"
2026-03-15 08:58:11 [info]: ::1 - - [15/Mar/2026:06:58:11 +0000] "POST /api/auth/login HTTP/1.1" 404 79 "http://localhost:5173/login" "Mozilla/5.0 (Windows NT 10.0; Win64; x64) AppleWebKit/537.36 (KHTML, like Gecko) Chrome/146.0.0.0 Safari/537.36"
2026-03-15 09:00:30 [info]: ::1 - - [15/Mar/2026:07:00:30 +0000] "POST /api/v1/auth/login HTTP/1.1" 200 1037 "http://localhost:5173/" "Mozilla/5.0 (Windows NT 10.0; Win64; x64) AppleWebKit/537.36 (KHTML, like Gecko) Chrome/146.0.0.0 Safari/537.36"
2026-03-15 09:00:31 [info]: ::1 - - [15/Mar/2026:07:00:31 +0000] "GET /api/admin/users/stats/summary HTTP/1.1" 404 93 "http://localhost:5173/admin-dashboard" "Mozilla/5.0 (Windows NT 10.0; Win64; x64) AppleWebKit/537.36 (KHTML, like Gecko) Chrome/146.0.0.0 Safari/537.36"
2026-03-15 09:00:31 [info]: ::1 - - [15/Mar/2026:07:00:31 +0000] "GET /api/admin/houses/stats/summary HTTP/1.1" 404 94 "http://localhost:5173/admin-dashboard" "Mozilla/5.0 (Windows NT 10.0; Win64; x64) AppleWebKit/537.36 (KHTML, like Gecko) Chrome/146.0.0.0 Safari/537.36"
2026-03-15 09:02:56 [info]: ::1 - - [15/Mar/2026:07:02:56 +0000] "GET /api/admin/users?page=1&limit=20 HTTP/1.1" 404 95 "http://localhost:5173/admin-users" "Mozilla/5.0 (Windows NT 10.0; Win64; x64) AppleWebKit/537.36 (KHTML, like Gecko) Chrome/146.0.0.0 Safari/537.36"
2026-03-15 09:02:56 [info]: ::1 - - [15/Mar/2026:07:02:56 +0000] "GET /api/admin/houses?limit=100 HTTP/1.1" 404 90 "http://localhost:5173/admin-users" "Mozilla/5.0 (Windows NT 10.0; Win64; x64) AppleWebKit/537.36 (KHTML, like Gecko) Chrome/146.0.0.0 Safari/537.36"
2026-03-15 09:02:56 [info]: ::1 - - [15/Mar/2026:07:02:56 +0000] "GET /api/admin/users/stats/summary HTTP/1.1" 404 93 "http://localhost:5173/admin-users" "Mozilla/5.0 (Windows NT 10.0; Win64; x64) AppleWebKit/537.36 (KHTML, like Gecko) Chrome/146.0.0.0 Safari/537.36"
2026-03-15 09:03:00 [info]: ::1 - - [15/Mar/2026:07:03:00 +0000] "GET /api/admin/users/stats/summary HTTP/1.1" 404 93 "http://localhost:5173/admin-dashboard" "Mozilla/5.0 (Windows NT 10.0; Win64; x64) AppleWebKit/537.36 (KHTML, like Gecko) Chrome/146.0.0.0 Safari/537.36"
2026-03-15 09:03:00 [info]: ::1 - - [15/Mar/2026:07:03:00 +0000] "GET /api/admin/houses/stats/summary HTTP/1.1" 404 94 "http://localhost:5173/admin-dashboard" "Mozilla/5.0 (Windows NT 10.0; Win64; x64) AppleWebKit/537.36 (KHTML, like Gecko) Chrome/146.0.0.0 Safari/537.36"
2026-03-15 09:13:55 [info]: Socket.IO server initialized
2026-03-15 09:13:55 [info]: 
  ╔═══════════════════════════════════════════════════════╗
  ║            🏥  CareSignal Backend v1.0.0              ║
  ╠═══════════════════════════════════════════════════════╣
  ║  Server:   http://localhost:3001                      ║
  ║  API:      http://localhost:3001/api/v1               ║
  ║  Swagger:  http://localhost:3001/api-docs             ║
  ║  Health:   http://localhost:3001/health               ║
  ║  Env:      development                          ║
  ╚═══════════════════════════════════════════════════════╝
  
2026-03-15 09:16:11 [info]: ::1 - - [15/Mar/2026:07:16:11 +0000] "GET /api/v1/auth/me HTTP/1.1" 200 814 "http://localhost:5173/" "Mozilla/5.0 (Windows NT 10.0; Win64; x64) AppleWebKit/537.36 (KHTML, like Gecko) Chrome/146.0.0.0 Safari/537.36"
2026-03-15 09:16:41 [info]: ::1 - - [15/Mar/2026:07:16:41 +0000] "GET /api/v1/auth/me HTTP/1.1" 304 - "http://localhost:5173/" "Mozilla/5.0 (Windows NT 10.0; Win64; x64) AppleWebKit/537.36 (KHTML, like Gecko) Chrome/146.0.0.0 Safari/537.36"
2026-03-15 09:17:06 [info]: ::1 - - [15/Mar/2026:07:17:06 +0000] "GET /api/v1/auth/me HTTP/1.1" 304 - "http://localhost:5173/" "Mozilla/5.0 (Windows NT 10.0; Win64; x64) AppleWebKit/537.36 (KHTML, like Gecko) Chrome/146.0.0.0 Safari/537.36"
2026-03-15 09:17:12 [info]: ::1 - - [15/Mar/2026:07:17:12 +0000] "POST /api/v1/auth/login HTTP/1.1" 200 1037 "http://localhost:5173/" "Mozilla/5.0 (Windows NT 10.0; Win64; x64) AppleWebKit/537.36 (KHTML, like Gecko) Chrome/146.0.0.0 Safari/537.36"
2026-03-15 09:17:12 [info]: ::1 - - [15/Mar/2026:07:17:12 +0000] "GET /api/v1/companies HTTP/1.1" 304 - "http://localhost:5173/" "Mozilla/5.0 (Windows NT 10.0; Win64; x64) AppleWebKit/537.36 (KHTML, like Gecko) Chrome/146.0.0.0 Safari/537.36"
2026-03-15 09:22:05 [info]: ::1 - - [15/Mar/2026:07:22:05 +0000] "POST /api/v1/auth/login HTTP/1.1" 401 61 "http://localhost:5173/" "Mozilla/5.0 (Windows NT 10.0; Win64; x64) AppleWebKit/537.36 (KHTML, like Gecko) Chrome/146.0.0.0 Safari/537.36"
2026-03-15 09:22:09 [info]: ::1 - - [15/Mar/2026:07:22:09 +0000] "POST /api/v1/auth/login HTTP/1.1" 200 1037 "http://localhost:5173/" "Mozilla/5.0 (Windows NT 10.0; Win64; x64) AppleWebKit/537.36 (KHTML, like Gecko) Chrome/146.0.0.0 Safari/537.36"
2026-03-15 09:22:09 [info]: ::1 - - [15/Mar/2026:07:22:09 +0000] "GET /api/v1/companies HTTP/1.1" 304 - "http://localhost:5173/" "Mozilla/5.0 (Windows NT 10.0; Win64; x64) AppleWebKit/537.36 (KHTML, like Gecko) Chrome/146.0.0.0 Safari/537.36"
2026-03-15 09:22:30 [info]: ::1 - - [15/Mar/2026:07:22:30 +0000] "POST /api/v1/users HTTP/1.1" 201 438 "http://localhost:5173/" "Mozilla/5.0 (Windows NT 10.0; Win64; x64) AppleWebKit/537.36 (KHTML, like Gecko) Chrome/146.0.0.0 Safari/537.36"
2026-03-15 09:22:42 [info]: ::1 - - [15/Mar/2026:07:22:42 +0000] "GET /api/v1/companies HTTP/1.1" 200 389 "http://localhost:5173/" "Mozilla/5.0 (Windows NT 10.0; Win64; x64) AppleWebKit/537.36 (KHTML, like Gecko) Chrome/146.0.0.0 Safari/537.36"
2026-03-15 09:22:42 [info]: ::1 - - [15/Mar/2026:07:22:42 +0000] "GET /api/v1/auth/me HTTP/1.1" 200 814 "http://localhost:5173/" "Mozilla/5.0 (Windows NT 10.0; Win64; x64) AppleWebKit/537.36 (KHTML, like Gecko) Chrome/146.0.0.0 Safari/537.36"
2026-03-15 09:23:04 [info]: ::1 - - [15/Mar/2026:07:23:04 +0000] "POST /api/v1/users HTTP/1.1" 400 62 "http://localhost:5173/" "Mozilla/5.0 (Windows NT 10.0; Win64; x64) AppleWebKit/537.36 (KHTML, like Gecko) Chrome/146.0.0.0 Safari/537.36"
2026-03-15 09:24:10 [info]: ::1 - - [15/Mar/2026:07:24:10 +0000] "POST /api/v1/companies HTTP/1.1" 201 315 "http://localhost:5173/" "Mozilla/5.0 (Windows NT 10.0; Win64; x64) AppleWebKit/537.36 (KHTML, like Gecko) Chrome/146.0.0.0 Safari/537.36"
2026-03-15 09:24:10 [info]: ::1 - - [15/Mar/2026:07:24:10 +0000] "GET /api/v1/companies HTTP/1.1" 200 706 "http://localhost:5173/" "Mozilla/5.0 (Windows NT 10.0; Win64; x64) AppleWebKit/537.36 (KHTML, like Gecko) Chrome/146.0.0.0 Safari/537.36"
2026-03-15 09:24:28 [info]: ::1 - - [15/Mar/2026:07:24:28 +0000] "POST /api/v1/users HTTP/1.1" 201 435 "http://localhost:5173/" "Mozilla/5.0 (Windows NT 10.0; Win64; x64) AppleWebKit/537.36 (KHTML, like Gecko) Chrome/146.0.0.0 Safari/537.36"
2026-03-15 09:25:12 [info]: ::1 - - [15/Mar/2026:07:25:12 +0000] "POST /api/v1/auth/login HTTP/1.1" 401 61 "http://localhost:5173/" "Mozilla/5.0 (Windows NT 10.0; Win64; x64) AppleWebKit/537.36 (KHTML, like Gecko) Chrome/146.0.0.0 Safari/537.36"
2026-03-15 09:25:33 [info]: ::1 - - [15/Mar/2026:07:25:33 +0000] "POST /api/v1/auth/login HTTP/1.1" 401 61 "http://localhost:5173/" "Mozilla/5.0 (Windows NT 10.0; Win64; x64) AppleWebKit/537.36 (KHTML, like Gecko) Chrome/146.0.0.0 Safari/537.36"
2026-03-15 09:32:35 [info]: ::1 - - [15/Mar/2026:07:32:35 +0000] "POST /api/v1/auth/login HTTP/1.1" 200 1037 "http://localhost:5173/" "Mozilla/5.0 (Windows NT 10.0; Win64; x64) AppleWebKit/537.36 (KHTML, like Gecko) Chrome/146.0.0.0 Safari/537.36"
2026-03-15 09:32:35 [info]: ::1 - - [15/Mar/2026:07:32:35 +0000] "GET /api/v1/companies HTTP/1.1" 200 706 "http://localhost:5173/" "Mozilla/5.0 (Windows NT 10.0; Win64; x64) AppleWebKit/537.36 (KHTML, like Gecko) Chrome/146.0.0.0 Safari/537.36"
2026-03-15 09:33:10 [info]: ::1 - - [15/Mar/2026:07:33:10 +0000] "POST /api/v1/companies HTTP/1.1" 201 319 "http://localhost:5173/" "Mozilla/5.0 (Windows NT 10.0; Win64; x64) AppleWebKit/537.36 (KHTML, like Gecko) Chrome/146.0.0.0 Safari/537.36"
2026-03-15 09:33:10 [info]: ::1 - - [15/Mar/2026:07:33:10 +0000] "GET /api/v1/companies HTTP/1.1" 200 1027 "http://localhost:5173/" "Mozilla/5.0 (Windows NT 10.0; Win64; x64) AppleWebKit/537.36 (KHTML, like Gecko) Chrome/146.0.0.0 Safari/537.36"
2026-03-15 09:33:57 [info]: ::1 - - [15/Mar/2026:07:33:57 +0000] "POST /api/v1/users HTTP/1.1" 201 438 "http://localhost:5173/" "Mozilla/5.0 (Windows NT 10.0; Win64; x64) AppleWebKit/537.36 (KHTML, like Gecko) Chrome/146.0.0.0 Safari/537.36"
2026-03-15 09:34:30 [info]: ::1 - - [15/Mar/2026:07:34:30 +0000] "POST /api/v1/auth/login HTTP/1.1" 401 61 "http://localhost:5173/" "Mozilla/5.0 (Windows NT 10.0; Win64; x64) AppleWebKit/537.36 (KHTML, like Gecko) Chrome/146.0.0.0 Safari/537.36"
2026-03-15 09:34:45 [info]: ::1 - - [15/Mar/2026:07:34:45 +0000] "POST /api/v1/auth/login HTTP/1.1" 401 61 "http://localhost:5173/" "Mozilla/5.0 (Windows NT 10.0; Win64; x64) AppleWebKit/537.36 (KHTML, like Gecko) Chrome/146.0.0.0 Safari/537.36"
2026-03-15 09:34:57 [info]: ::1 - - [15/Mar/2026:07:34:57 +0000] "POST /api/v1/auth/login HTTP/1.1" 401 61 "http://localhost:5173/" "Mozilla/5.0 (Windows NT 10.0; Win64; x64) AppleWebKit/537.36 (KHTML, like Gecko) Chrome/146.0.0.0 Safari/537.36"
2026-03-15 09:35:14 [info]: ::1 - - [15/Mar/2026:07:35:14 +0000] "POST /api/v1/auth/login HTTP/1.1" 401 61 "http://localhost:5173/" "Mozilla/5.0 (Windows NT 10.0; Win64; x64) AppleWebKit/537.36 (KHTML, like Gecko) Chrome/146.0.0.0 Safari/537.36"
2026-03-15 09:35:40 [info]: ::1 - - [15/Mar/2026:07:35:40 +0000] "POST /api/v1/auth/login HTTP/1.1" 401 61 "http://localhost:5173/" "Mozilla/5.0 (Windows NT 10.0; Win64; x64) AppleWebKit/537.36 (KHTML, like Gecko) Chrome/146.0.0.0 Safari/537.36"
2026-03-15 09:35:57 [info]: ::1 - - [15/Mar/2026:07:35:57 +0000] "POST /api/v1/auth/login HTTP/1.1" 401 61 "http://localhost:5173/" "Mozilla/5.0 (Windows NT 10.0; Win64; x64) AppleWebKit/537.36 (KHTML, like Gecko) Chrome/146.0.0.0 Safari/537.36"
2026-03-15 09:36:37 [info]: ::1 - - [15/Mar/2026:07:36:37 +0000] "POST /api/v1/auth/login HTTP/1.1" 401 61 "http://localhost:5173/" "Mozilla/5.0 (Windows NT 10.0; Win64; x64) AppleWebKit/537.36 (KHTML, like Gecko) Chrome/146.0.0.0 Safari/537.36"
2026-03-15 09:36:54 [info]: ::1 - - [15/Mar/2026:07:36:54 +0000] "POST /api/v1/auth/login HTTP/1.1" 200 1037 "http://localhost:5173/" "Mozilla/5.0 (Windows NT 10.0; Win64; x64) AppleWebKit/537.36 (KHTML, like Gecko) Chrome/146.0.0.0 Safari/537.36"
2026-03-15 09:36:54 [info]: ::1 - - [15/Mar/2026:07:36:54 +0000] "GET /api/v1/companies HTTP/1.1" 200 1027 "http://localhost:5173/" "Mozilla/5.0 (Windows NT 10.0; Win64; x64) AppleWebKit/537.36 (KHTML, like Gecko) Chrome/146.0.0.0 Safari/537.36"
2026-03-15 09:37:23 [info]: ::1 - - [15/Mar/2026:07:37:23 +0000] "POST /api/v1/auth/login HTTP/1.1" 401 61 "http://localhost:5173/" "Mozilla/5.0 (Windows NT 10.0; Win64; x64) AppleWebKit/537.36 (KHTML, like Gecko) Chrome/146.0.0.0 Safari/537.36"
2026-03-15 09:37:46 [info]: ::1 - - [15/Mar/2026:07:37:46 +0000] "POST /api/v1/auth/login HTTP/1.1" 401 61 "http://localhost:5173/" "Mozilla/5.0 (Windows NT 10.0; Win64; x64) AppleWebKit/537.36 (KHTML, like Gecko) Chrome/146.0.0.0 Safari/537.36"
2026-03-15 09:38:03 [info]: ::1 - - [15/Mar/2026:07:38:03 +0000] "POST /api/v1/auth/login HTTP/1.1" 401 61 "http://localhost:5173/" "Mozilla/5.0 (Windows NT 10.0; Win64; x64) AppleWebKit/537.36 (KHTML, like Gecko) Chrome/146.0.0.0 Safari/537.36"
2026-03-15 09:38:25 [info]: ::1 - - [15/Mar/2026:07:38:25 +0000] "POST /api/v1/auth/login HTTP/1.1" 401 61 "http://localhost:5173/" "Mozilla/5.0 (Windows NT 10.0; Win64; x64) AppleWebKit/537.36 (KHTML, like Gecko) Chrome/146.0.0.0 Safari/537.36"
2026-03-15 09:38:40 [info]: ::1 - - [15/Mar/2026:07:38:40 +0000] "POST /api/v1/auth/login HTTP/1.1" 200 1037 "http://localhost:5173/" "Mozilla/5.0 (Windows NT 10.0; Win64; x64) AppleWebKit/537.36 (KHTML, like Gecko) Chrome/146.0.0.0 Safari/537.36"
2026-03-15 09:38:40 [info]: ::1 - - [15/Mar/2026:07:38:40 +0000] "GET /api/v1/companies HTTP/1.1" 304 - "http://localhost:5173/" "Mozilla/5.0 (Windows NT 10.0; Win64; x64) AppleWebKit/537.36 (KHTML, like Gecko) Chrome/146.0.0.0 Safari/537.36"
2026-03-15 09:39:10 [info]: ::1 - - [15/Mar/2026:07:39:10 +0000] "POST /api/v1/users HTTP/1.1" 400 62 "http://localhost:5173/" "Mozilla/5.0 (Windows NT 10.0; Win64; x64) AppleWebKit/537.36 (KHTML, like Gecko) Chrome/146.0.0.0 Safari/537.36"
2026-03-15 09:39:27 [info]: ::1 - - [15/Mar/2026:07:39:27 +0000] "POST /api/v1/users HTTP/1.1" 201 439 "http://localhost:5173/" "Mozilla/5.0 (Windows NT 10.0; Win64; x64) AppleWebKit/537.36 (KHTML, like Gecko) Chrome/146.0.0.0 Safari/537.36"
2026-03-15 09:39:53 [info]: ::1 - - [15/Mar/2026:07:39:53 +0000] "GET /api/v1/auth/me HTTP/1.1" 200 814 "http://localhost:5173/" "Mozilla/5.0 (Windows NT 10.0; Win64; x64) AppleWebKit/537.36 (KHTML, like Gecko) Chrome/146.0.0.0 Safari/537.36"
2026-03-15 09:40:05 [info]: ::1 - - [15/Mar/2026:07:40:05 +0000] "POST /api/v1/auth/login HTTP/1.1" 200 998 "http://localhost:5173/" "Mozilla/5.0 (Windows NT 10.0; Win64; x64) AppleWebKit/537.36 (KHTML, like Gecko) Chrome/146.0.0.0 Safari/537.36"
2026-03-15 09:40:05 [info]: ::1 - - [15/Mar/2026:07:40:05 +0000] "GET /api/v1/users?page=1&limit=1 HTTP/1.1" 200 549 "http://localhost:5173/" "Mozilla/5.0 (Windows NT 10.0; Win64; x64) AppleWebKit/537.36 (KHTML, like Gecko) Chrome/146.0.0.0 Safari/537.36"
2026-03-15 09:40:05 [info]: ::1 - - [15/Mar/2026:07:40:05 +0000] "GET /api/v1/houses HTTP/1.1" 200 75 "http://localhost:5173/" "Mozilla/5.0 (Windows NT 10.0; Win64; x64) AppleWebKit/537.36 (KHTML, like Gecko) Chrome/146.0.0.0 Safari/537.36"
2026-03-15 09:40:38 [info]: ::1 - - [15/Mar/2026:07:40:38 +0000] "GET /api/v1/users?page=1&limit=100 HTTP/1.1" 200 1004 "http://localhost:5173/" "Mozilla/5.0 (Windows NT 10.0; Win64; x64) AppleWebKit/537.36 (KHTML, like Gecko) Chrome/146.0.0.0 Safari/537.36"
2026-03-15 09:40:38 [info]: ::1 - - [15/Mar/2026:07:40:38 +0000] "GET /api/v1/houses?limit=100 HTTP/1.1" 200 76 "http://localhost:5173/" "Mozilla/5.0 (Windows NT 10.0; Win64; x64) AppleWebKit/537.36 (KHTML, like Gecko) Chrome/146.0.0.0 Safari/537.36"
2026-03-15 09:40:38 [info]: ::1 - - [15/Mar/2026:07:40:38 +0000] "GET /api/v1/users?page=1&limit=20 HTTP/1.1" 200 1003 "http://localhost:5173/" "Mozilla/5.0 (Windows NT 10.0; Win64; x64) AppleWebKit/537.36 (KHTML, like Gecko) Chrome/146.0.0.0 Safari/537.36"
2026-03-15 09:41:16 [info]: ::1 - - [15/Mar/2026:07:41:16 +0000] "POST /api/v1/users HTTP/1.1" 201 451 "http://localhost:5173/" "Mozilla/5.0 (Windows NT 10.0; Win64; x64) AppleWebKit/537.36 (KHTML, like Gecko) Chrome/146.0.0.0 Safari/537.36"
2026-03-15 09:41:16 [info]: ::1 - - [15/Mar/2026:07:41:16 +0000] "GET /api/v1/users?page=1&limit=100 HTTP/1.1" 200 1470 "http://localhost:5173/" "Mozilla/5.0 (Windows NT 10.0; Win64; x64) AppleWebKit/537.36 (KHTML, like Gecko) Chrome/146.0.0.0 Safari/537.36"
2026-03-15 09:41:16 [info]: ::1 - - [15/Mar/2026:07:41:16 +0000] "GET /api/v1/users?page=1&limit=20 HTTP/1.1" 200 1469 "http://localhost:5173/" "Mozilla/5.0 (Windows NT 10.0; Win64; x64) AppleWebKit/537.36 (KHTML, like Gecko) Chrome/146.0.0.0 Safari/537.36"
2026-03-15 09:41:52 [info]: ::1 - - [15/Mar/2026:07:41:52 +0000] "POST /api/v1/users HTTP/1.1" 201 450 "http://localhost:5173/" "Mozilla/5.0 (Windows NT 10.0; Win64; x64) AppleWebKit/537.36 (KHTML, like Gecko) Chrome/146.0.0.0 Safari/537.36"
2026-03-15 09:41:52 [info]: ::1 - - [15/Mar/2026:07:41:52 +0000] "GET /api/v1/users?page=1&limit=100 HTTP/1.1" 200 1935 "http://localhost:5173/" "Mozilla/5.0 (Windows NT 10.0; Win64; x64) AppleWebKit/537.36 (KHTML, like Gecko) Chrome/146.0.0.0 Safari/537.36"
2026-03-15 09:41:52 [info]: ::1 - - [15/Mar/2026:07:41:52 +0000] "GET /api/v1/users?page=1&limit=20 HTTP/1.1" 200 1934 "http://localhost:5173/" "Mozilla/5.0 (Windows NT 10.0; Win64; x64) AppleWebKit/537.36 (KHTML, like Gecko) Chrome/146.0.0.0 Safari/537.36"
2026-03-15 09:42:44 [info]: ::1 - - [15/Mar/2026:07:42:44 +0000] "POST /api/v1/users HTTP/1.1" 201 456 "http://localhost:5173/" "Mozilla/5.0 (Windows NT 10.0; Win64; x64) AppleWebKit/537.36 (KHTML, like Gecko) Chrome/146.0.0.0 Safari/537.36"
2026-03-15 09:42:44 [info]: ::1 - - [15/Mar/2026:07:42:44 +0000] "GET /api/v1/users?page=1&limit=100 HTTP/1.1" 200 2406 "http://localhost:5173/" "Mozilla/5.0 (Windows NT 10.0; Win64; x64) AppleWebKit/537.36 (KHTML, like Gecko) Chrome/146.0.0.0 Safari/537.36"
2026-03-15 09:42:44 [info]: ::1 - - [15/Mar/2026:07:42:44 +0000] "GET /api/v1/users?page=1&limit=20 HTTP/1.1" 200 2405 "http://localhost:5173/" "Mozilla/5.0 (Windows NT 10.0; Win64; x64) AppleWebKit/537.36 (KHTML, like Gecko) Chrome/146.0.0.0 Safari/537.36"
2026-03-15 09:43:08 [info]: ::1 - - [15/Mar/2026:07:43:08 +0000] "DELETE /api/v1/users/da73f337-2382-433f-b0a6-60a0ad1ffc4f HTTP/1.1" 200 64 "http://localhost:5173/" "Mozilla/5.0 (Windows NT 10.0; Win64; x64) AppleWebKit/537.36 (KHTML, like Gecko) Chrome/146.0.0.0 Safari/537.36"
2026-03-15 09:43:08 [info]: ::1 - - [15/Mar/2026:07:43:08 +0000] "GET /api/v1/users?page=1&limit=20 HTTP/1.1" 200 2407 "http://localhost:5173/" "Mozilla/5.0 (Windows NT 10.0; Win64; x64) AppleWebKit/537.36 (KHTML, like Gecko) Chrome/146.0.0.0 Safari/537.36"
2026-03-15 09:43:08 [info]: ::1 - - [15/Mar/2026:07:43:08 +0000] "GET /api/v1/users?page=1&limit=100 HTTP/1.1" 200 2408 "http://localhost:5173/" "Mozilla/5.0 (Windows NT 10.0; Win64; x64) AppleWebKit/537.36 (KHTML, like Gecko) Chrome/146.0.0.0 Safari/537.36"
2026-03-15 09:44:22 [info]: ::1 - - [15/Mar/2026:07:44:22 +0000] "PATCH /api/v1/users/da73f337-2382-433f-b0a6-60a0ad1ffc4f HTTP/1.1" 400 71 "http://localhost:5173/" "Mozilla/5.0 (Windows NT 10.0; Win64; x64) AppleWebKit/537.36 (KHTML, like Gecko) Chrome/146.0.0.0 Safari/537.36"
2026-03-15 09:44:38 [info]: ::1 - - [15/Mar/2026:07:44:38 +0000] "PATCH /api/v1/users/da73f337-2382-433f-b0a6-60a0ad1ffc4f HTTP/1.1" 400 71 "http://localhost:5173/" "Mozilla/5.0 (Windows NT 10.0; Win64; x64) AppleWebKit/537.36 (KHTML, like Gecko) Chrome/146.0.0.0 Safari/537.36"
2026-03-15 09:44:59 [info]: ::1 - - [15/Mar/2026:07:44:59 +0000] "PATCH /api/v1/users/da73f337-2382-433f-b0a6-60a0ad1ffc4f HTTP/1.1" 400 71 "http://localhost:5173/" "Mozilla/5.0 (Windows NT 10.0; Win64; x64) AppleWebKit/537.36 (KHTML, like Gecko) Chrome/146.0.0.0 Safari/537.36"
2026-03-15 09:45:37 [info]: ::1 - - [15/Mar/2026:07:45:37 +0000] "PATCH /api/v1/users/da73f337-2382-433f-b0a6-60a0ad1ffc4f HTTP/1.1" 400 71 "http://localhost:5173/" "Mozilla/5.0 (Windows NT 10.0; Win64; x64) AppleWebKit/537.36 (KHTML, like Gecko) Chrome/146.0.0.0 Safari/537.36"
2026-03-15 09:46:21 [info]: ::1 - - [15/Mar/2026:07:46:21 +0000] "PATCH /api/v1/users/da73f337-2382-433f-b0a6-60a0ad1ffc4f HTTP/1.1" 400 71 "http://localhost:5173/" "Mozilla/5.0 (Windows NT 10.0; Win64; x64) AppleWebKit/537.36 (KHTML, like Gecko) Chrome/146.0.0.0 Safari/537.36"
2026-03-15 09:46:34 [info]: ::1 - - [15/Mar/2026:07:46:34 +0000] "PATCH /api/v1/users/da73f337-2382-433f-b0a6-60a0ad1ffc4f HTTP/1.1" 400 71 "http://localhost:5173/" "Mozilla/5.0 (Windows NT 10.0; Win64; x64) AppleWebKit/537.36 (KHTML, like Gecko) Chrome/146.0.0.0 Safari/537.36"
2026-03-15 09:46:45 [info]: ::1 - - [15/Mar/2026:07:46:45 +0000] "PATCH /api/v1/users/da73f337-2382-433f-b0a6-60a0ad1ffc4f HTTP/1.1" 400 71 "http://localhost:5173/" "Mozilla/5.0 (Windows NT 10.0; Win64; x64) AppleWebKit/537.36 (KHTML, like Gecko) Chrome/146.0.0.0 Safari/537.36"
2026-03-15 09:47:26 [info]: ::1 - - [15/Mar/2026:07:47:26 +0000] "PATCH /api/v1/users/da73f337-2382-433f-b0a6-60a0ad1ffc4f HTTP/1.1" 400 99 "http://localhost:5173/" "Mozilla/5.0 (Windows NT 10.0; Win64; x64) AppleWebKit/537.36 (KHTML, like Gecko) Chrome/146.0.0.0 Safari/537.36"
2026-03-15 09:47:43 [info]: ::1 - - [15/Mar/2026:07:47:43 +0000] "PATCH /api/v1/users/da73f337-2382-433f-b0a6-60a0ad1ffc4f HTTP/1.1" 400 99 "http://localhost:5173/" "Mozilla/5.0 (Windows NT 10.0; Win64; x64) AppleWebKit/537.36 (KHTML, like Gecko) Chrome/146.0.0.0 Safari/537.36"
2026-03-15 09:47:54 [info]: ::1 - - [15/Mar/2026:07:47:54 +0000] "PATCH /api/v1/users/da73f337-2382-433f-b0a6-60a0ad1ffc4f HTTP/1.1" 400 99 "http://localhost:5173/" "Mozilla/5.0 (Windows NT 10.0; Win64; x64) AppleWebKit/537.36 (KHTML, like Gecko) Chrome/146.0.0.0 Safari/537.36"
2026-03-15 09:48:10 [info]: ::1 - - [15/Mar/2026:07:48:10 +0000] "PATCH /api/v1/users/da73f337-2382-433f-b0a6-60a0ad1ffc4f HTTP/1.1" 400 99 "http://localhost:5173/" "Mozilla/5.0 (Windows NT 10.0; Win64; x64) AppleWebKit/537.36 (KHTML, like Gecko) Chrome/146.0.0.0 Safari/537.36"
2026-03-15 09:48:50 [info]: ::1 - - [15/Mar/2026:07:48:50 +0000] "PATCH /api/v1/users/b75c6018-f84d-4b46-851f-91fb12c5e649 HTTP/1.1" 400 71 "http://localhost:5173/" "Mozilla/5.0 (Windows NT 10.0; Win64; x64) AppleWebKit/537.36 (KHTML, like Gecko) Chrome/146.0.0.0 Safari/537.36"
2026-03-15 09:49:03 [info]: ::1 - - [15/Mar/2026:07:49:03 +0000] "GET /api/v1/users?page=1&limit=100 HTTP/1.1" 304 - "http://localhost:5173/" "Mozilla/5.0 (Windows NT 10.0; Win64; x64) AppleWebKit/537.36 (KHTML, like Gecko) Chrome/146.0.0.0 Safari/537.36"
2026-03-15 09:49:03 [info]: ::1 - - [15/Mar/2026:07:49:03 +0000] "GET /api/v1/houses?limit=100 HTTP/1.1" 304 - "http://localhost:5173/" "Mozilla/5.0 (Windows NT 10.0; Win64; x64) AppleWebKit/537.36 (KHTML, like Gecko) Chrome/146.0.0.0 Safari/537.36"
2026-03-15 09:49:03 [info]: ::1 - - [15/Mar/2026:07:49:03 +0000] "GET /api/v1/auth/me HTTP/1.1" 200 790 "http://localhost:5173/" "Mozilla/5.0 (Windows NT 10.0; Win64; x64) AppleWebKit/537.36 (KHTML, like Gecko) Chrome/146.0.0.0 Safari/537.36"
2026-03-15 09:49:03 [info]: ::1 - - [15/Mar/2026:07:49:03 +0000] "GET /api/v1/users?page=1&limit=20 HTTP/1.1" 304 - "http://localhost:5173/" "Mozilla/5.0 (Windows NT 10.0; Win64; x64) AppleWebKit/537.36 (KHTML, like Gecko) Chrome/146.0.0.0 Safari/537.36"
2026-03-15 09:49:17 [info]: ::1 - - [15/Mar/2026:07:49:17 +0000] "DELETE /api/v1/users/da73f337-2382-433f-b0a6-60a0ad1ffc4f HTTP/1.1" 200 64 "http://localhost:5173/" "Mozilla/5.0 (Windows NT 10.0; Win64; x64) AppleWebKit/537.36 (KHTML, like Gecko) Chrome/146.0.0.0 Safari/537.36"
2026-03-15 09:49:17 [info]: ::1 - - [15/Mar/2026:07:49:17 +0000] "GET /api/v1/users?page=1&limit=20 HTTP/1.1" 200 2407 "http://localhost:5173/" "Mozilla/5.0 (Windows NT 10.0; Win64; x64) AppleWebKit/537.36 (KHTML, like Gecko) Chrome/146.0.0.0 Safari/537.36"
2026-03-15 09:49:17 [info]: ::1 - - [15/Mar/2026:07:49:17 +0000] "GET /api/v1/users?page=1&limit=100 HTTP/1.1" 200 2408 "http://localhost:5173/" "Mozilla/5.0 (Windows NT 10.0; Win64; x64) AppleWebKit/537.36 (KHTML, like Gecko) Chrome/146.0.0.0 Safari/537.36"
2026-03-15 10:04:10 [info]: ::1 - - [15/Mar/2026:08:04:10 +0000] "GET /api/v1/auth/me HTTP/1.1" 304 - "http://localhost:5173/" "Mozilla/5.0 (Windows NT 10.0; Win64; x64) AppleWebKit/537.36 (KHTML, like Gecko) Chrome/146.0.0.0 Safari/537.36"
2026-03-15 10:04:47 [info]: ::1 - - [15/Mar/2026:08:04:47 +0000] "POST /api/v1/auth/login HTTP/1.1" 200 1037 "http://localhost:5173/" "Mozilla/5.0 (Windows NT 10.0; Win64; x64) AppleWebKit/537.36 (KHTML, like Gecko) Chrome/146.0.0.0 Safari/537.36"
2026-03-15 10:04:47 [info]: ::1 - - [15/Mar/2026:08:04:47 +0000] "GET /api/v1/companies HTTP/1.1" 200 1027 "http://localhost:5173/" "Mozilla/5.0 (Windows NT 10.0; Win64; x64) AppleWebKit/537.36 (KHTML, like Gecko) Chrome/146.0.0.0 Safari/537.36"
2026-03-15 10:05:24 [info]: ::1 - - [15/Mar/2026:08:05:24 +0000] "POST /api/v1/companies HTTP/1.1" 400 113 "http://localhost:5173/" "Mozilla/5.0 (Windows NT 10.0; Win64; x64) AppleWebKit/537.36 (KHTML, like Gecko) Chrome/146.0.0.0 Safari/537.36"
2026-03-15 10:06:20 [info]: ::1 - - [15/Mar/2026:08:06:20 +0000] "POST /api/v1/users HTTP/1.1" 400 62 "http://localhost:5173/" "Mozilla/5.0 (Windows NT 10.0; Win64; x64) AppleWebKit/537.36 (KHTML, like Gecko) Chrome/146.0.0.0 Safari/537.36"
2026-03-15 10:07:03 [info]: ::1 - - [15/Mar/2026:08:07:03 +0000] "POST /api/v1/auth/login HTTP/1.1" 401 61 "http://localhost:5173/" "Mozilla/5.0 (Windows NT 10.0; Win64; x64) AppleWebKit/537.36 (KHTML, like Gecko) Chrome/146.0.0.0 Safari/537.36"
2026-03-15 10:07:23 [info]: ::1 - - [15/Mar/2026:08:07:23 +0000] "POST /api/v1/auth/login HTTP/1.1" 401 61 "http://localhost:5173/" "Mozilla/5.0 (Windows NT 10.0; Win64; x64) AppleWebKit/537.36 (KHTML, like Gecko) Chrome/146.0.0.0 Safari/537.36"
2026-03-15 10:07:54 [info]: ::1 - - [15/Mar/2026:08:07:54 +0000] "POST /api/v1/auth/login HTTP/1.1" 401 61 "http://localhost:5173/" "Mozilla/5.0 (Windows NT 10.0; Win64; x64) AppleWebKit/537.36 (KHTML, like Gecko) Chrome/146.0.0.0 Safari/537.36"
2026-03-15 10:08:46 [info]: ::1 - - [15/Mar/2026:08:08:46 +0000] "POST /api/v1/auth/login HTTP/1.1" 401 61 "http://localhost:5173/" "Mozilla/5.0 (Windows NT 10.0; Win64; x64) AppleWebKit/537.36 (KHTML, like Gecko) Chrome/146.0.0.0 Safari/537.36"
2026-03-15 10:09:48 [info]: ::1 - - [15/Mar/2026:08:09:48 +0000] "POST /api/v1/auth/login HTTP/1.1" 401 61 "http://localhost:5173/" "Mozilla/5.0 (Windows NT 10.0; Win64; x64) AppleWebKit/537.36 (KHTML, like Gecko) Chrome/146.0.0.0 Safari/537.36"
2026-03-15 10:10:34 [info]: ::1 - - [15/Mar/2026:08:10:34 +0000] "POST /api/v1/auth/login HTTP/1.1" 401 61 "http://localhost:5173/" "Mozilla/5.0 (Windows NT 10.0; Win64; x64) AppleWebKit/537.36 (KHTML, like Gecko) Chrome/146.0.0.0 Safari/537.36"
2026-03-15 10:11:00 [info]: ::1 - - [15/Mar/2026:08:11:00 +0000] "POST /api/v1/auth/login HTTP/1.1" 401 61 "http://localhost:5173/" "Mozilla/5.0 (Windows NT 10.0; Win64; x64) AppleWebKit/537.36 (KHTML, like Gecko) Chrome/146.0.0.0 Safari/537.36"
2026-03-15 10:11:26 [info]: ::1 - - [15/Mar/2026:08:11:26 +0000] "POST /api/v1/auth/login HTTP/1.1" 401 61 "http://localhost:5173/" "Mozilla/5.0 (Windows NT 10.0; Win64; x64) AppleWebKit/537.36 (KHTML, like Gecko) Chrome/146.0.0.0 Safari/537.36"
2026-03-15 10:12:11 [info]: ::1 - - [15/Mar/2026:08:12:11 +0000] "POST /api/v1/auth/login HTTP/1.1" 401 61 "http://localhost:5173/" "Mozilla/5.0 (Windows NT 10.0; Win64; x64) AppleWebKit/537.36 (KHTML, like Gecko) Chrome/146.0.0.0 Safari/537.36"
2026-03-15 10:13:11 [info]: ::1 - - [15/Mar/2026:08:13:11 +0000] "POST /api/v1/auth/login HTTP/1.1" 401 61 "http://localhost:5173/" "Mozilla/5.0 (Windows NT 10.0; Win64; x64) AppleWebKit/537.36 (KHTML, like Gecko) Chrome/146.0.0.0 Safari/537.36"
2026-03-15 10:14:56 [info]: ::1 - - [15/Mar/2026:08:14:56 +0000] "POST /api/v1/auth/login HTTP/1.1" 401 61 "http://localhost:5173/" "Mozilla/5.0 (Windows NT 10.0; Win64; x64) AppleWebKit/537.36 (KHTML, like Gecko) Chrome/146.0.0.0 Safari/537.36"
2026-03-15 10:15:26 [info]: ::1 - - [15/Mar/2026:08:15:26 +0000] "POST /api/v1/auth/login HTTP/1.1" 401 61 "http://localhost:5173/" "Mozilla/5.0 (Windows NT 10.0; Win64; x64) AppleWebKit/537.36 (KHTML, like Gecko) Chrome/146.0.0.0 Safari/537.36"
2026-03-15 10:25:14 [info]: ::1 - - [15/Mar/2026:08:25:14 +0000] "POST /api/v1/auth/login HTTP/1.1" 200 1027 "http://localhost:5173/" "Mozilla/5.0 (Windows NT 10.0; Win64; x64) AppleWebKit/537.36 (KHTML, like Gecko) Chrome/146.0.0.0 Safari/537.36"
2026-03-15 10:25:14 [info]: ::1 - - [15/Mar/2026:08:25:14 +0000] "GET /api/v1/dashboard/responsible-individual HTTP/1.1" 404 103 "http://localhost:5173/" "Mozilla/5.0 (Windows NT 10.0; Win64; x64) AppleWebKit/537.36 (KHTML, like Gecko) Chrome/146.0.0.0 Safari/537.36"
2026-03-15 10:25:40 [info]: ::1 - - [15/Mar/2026:08:25:40 +0000] "GET /api/v1/auth/me HTTP/1.1" 200 802 "http://localhost:5173/" "Mozilla/5.0 (Windows NT 10.0; Win64; x64) AppleWebKit/537.36 (KHTML, like Gecko) Chrome/146.0.0.0 Safari/537.36"
2026-03-15 10:26:14 [info]: ::1 - - [15/Mar/2026:08:26:14 +0000] "POST /api/v1/auth/login HTTP/1.1" 200 1026 "http://localhost:5173/" "Mozilla/5.0 (Windows NT 10.0; Win64; x64) AppleWebKit/537.36 (KHTML, like Gecko) Chrome/146.0.0.0 Safari/537.36"
2026-03-15 10:26:15 [info]: ::1 - - [15/Mar/2026:08:26:15 +0000] "GET /api/v1/dashboard/responsible-individual HTTP/1.1" 404 103 "http://localhost:5173/" "Mozilla/5.0 (Windows NT 10.0; Win64; x64) AppleWebKit/537.36 (KHTML, like Gecko) Chrome/146.0.0.0 Safari/537.36"
2026-03-15 10:26:37 [info]: ::1 - - [15/Mar/2026:08:26:37 +0000] "GET /api/v1/auth/me HTTP/1.1" 200 801 "http://localhost:5173/" "Mozilla/5.0 (Windows NT 10.0; Win64; x64) AppleWebKit/537.36 (KHTML, like Gecko) Chrome/146.0.0.0 Safari/537.36"
2026-03-15 10:27:04 [info]: ::1 - - [15/Mar/2026:08:27:04 +0000] "POST /api/v1/auth/login HTTP/1.1" 401 74 "http://localhost:5173/" "Mozilla/5.0 (Windows NT 10.0; Win64; x64) AppleWebKit/537.36 (KHTML, like Gecko) Chrome/146.0.0.0 Safari/537.36"
2026-03-15 10:27:14 [info]: ::1 - - [15/Mar/2026:08:27:14 +0000] "POST /api/v1/auth/login HTTP/1.1" 401 74 "http://localhost:5173/" "Mozilla/5.0 (Windows NT 10.0; Win64; x64) AppleWebKit/537.36 (KHTML, like Gecko) Chrome/146.0.0.0 Safari/537.36"
2026-03-15 10:27:31 [info]: ::1 - - [15/Mar/2026:08:27:31 +0000] "POST /api/v1/auth/login HTTP/1.1" 401 74 "http://localhost:5173/" "Mozilla/5.0 (Windows NT 10.0; Win64; x64) AppleWebKit/537.36 (KHTML, like Gecko) Chrome/146.0.0.0 Safari/537.36"
2026-03-15 10:27:43 [info]: ::1 - - [15/Mar/2026:08:27:43 +0000] "POST /api/v1/auth/login HTTP/1.1" 401 74 "http://localhost:5173/" "Mozilla/5.0 (Windows NT 10.0; Win64; x64) AppleWebKit/537.36 (KHTML, like Gecko) Chrome/146.0.0.0 Safari/537.36"
2026-03-15 10:28:00 [info]: ::1 - - [15/Mar/2026:08:28:00 +0000] "POST /api/v1/auth/login HTTP/1.1" 401 74 "http://localhost:5173/" "Mozilla/5.0 (Windows NT 10.0; Win64; x64) AppleWebKit/537.36 (KHTML, like Gecko) Chrome/146.0.0.0 Safari/537.36"
2026-03-15 10:28:17 [info]: ::1 - - [15/Mar/2026:08:28:17 +0000] "POST /api/v1/auth/login HTTP/1.1" 401 74 "http://localhost:5173/" "Mozilla/5.0 (Windows NT 10.0; Win64; x64) AppleWebKit/537.36 (KHTML, like Gecko) Chrome/146.0.0.0 Safari/537.36"
2026-03-15 10:28:36 [info]: ::1 - - [15/Mar/2026:08:28:36 +0000] "POST /api/v1/auth/login HTTP/1.1" 401 61 "http://localhost:5173/" "Mozilla/5.0 (Windows NT 10.0; Win64; x64) AppleWebKit/537.36 (KHTML, like Gecko) Chrome/146.0.0.0 Safari/537.36"
2026-03-15 10:34:00 [info]: ::1 - - [15/Mar/2026:08:34:00 +0000] "POST /api/v1/auth/login HTTP/1.1" 200 1049 "http://localhost:5173/" "Mozilla/5.0 (Windows NT 10.0; Win64; x64) AppleWebKit/537.36 (KHTML, like Gecko) Chrome/146.0.0.0 Safari/537.36"
2026-03-15 10:34:00 [info]: ::1 - - [15/Mar/2026:08:34:00 +0000] "GET /api/v1/dashboard/responsible-individual HTTP/1.1" 404 103 "http://localhost:5173/" "Mozilla/5.0 (Windows NT 10.0; Win64; x64) AppleWebKit/537.36 (KHTML, like Gecko) Chrome/146.0.0.0 Safari/537.36"
2026-03-15 10:34:30 [info]: ::1 - - [15/Mar/2026:08:34:30 +0000] "GET /api/v1/auth/me HTTP/1.1" 200 802 "http://localhost:5173/" "Mozilla/5.0 (Windows NT 10.0; Win64; x64) AppleWebKit/537.36 (KHTML, like Gecko) Chrome/146.0.0.0 Safari/537.36"
2026-03-15 10:34:41 [info]: ::1 - - [15/Mar/2026:08:34:41 +0000] "POST /api/v1/auth/login HTTP/1.1" 200 1039 "http://localhost:5173/" "Mozilla/5.0 (Windows NT 10.0; Win64; x64) AppleWebKit/537.36 (KHTML, like Gecko) Chrome/146.0.0.0 Safari/537.36"
2026-03-15 10:34:41 [info]: ::1 - - [15/Mar/2026:08:34:41 +0000] "GET /api/v1/dashboard/registered-manager HTTP/1.1" 404 99 "http://localhost:5173/" "Mozilla/5.0 (Windows NT 10.0; Win64; x64) AppleWebKit/537.36 (KHTML, like Gecko) Chrome/146.0.0.0 Safari/537.36"
2026-03-15 10:35:17 [info]: ::1 - - [15/Mar/2026:08:35:17 +0000] "POST /api/v1/auth/login HTTP/1.1" 200 1008 "http://localhost:5173/" "Mozilla/5.0 (Windows NT 10.0; Win64; x64) AppleWebKit/537.36 (KHTML, like Gecko) Chrome/146.0.0.0 Safari/537.36"
2026-03-15 10:35:17 [info]: ::1 - - [15/Mar/2026:08:35:17 +0000] "GET /api/v1/dashboard/director HTTP/1.1" 404 89 "http://localhost:5173/" "Mozilla/5.0 (Windows NT 10.0; Win64; x64) AppleWebKit/537.36 (KHTML, like Gecko) Chrome/146.0.0.0 Safari/537.36"
2026-03-15 10:35:17 [info]: ::1 - - [15/Mar/2026:08:35:17 +0000] "GET /api/v1/trends/patterns HTTP/1.1" 404 86 "http://localhost:5173/" "Mozilla/5.0 (Windows NT 10.0; Win64; x64) AppleWebKit/537.36 (KHTML, like Gecko) Chrome/146.0.0.0 Safari/537.36"
2026-03-15 10:35:17 [info]: ::1 - - [15/Mar/2026:08:35:17 +0000] "GET /api/v1/reports/weekly-summary HTTP/1.1" 404 96 "http://localhost:5173/" "Mozilla/5.0 (Windows NT 10.0; Win64; x64) AppleWebKit/537.36 (KHTML, like Gecko) Chrome/146.0.0.0 Safari/537.36"
2026-03-15 10:35:57 [info]: ::1 - - [15/Mar/2026:08:35:57 +0000] "POST /api/v1/auth/login HTTP/1.1" 401 61 "http://localhost:5173/" "Mozilla/5.0 (Windows NT 10.0; Win64; x64) AppleWebKit/537.36 (KHTML, like Gecko) Chrome/146.0.0.0 Safari/537.36"
2026-03-15 10:36:37 [info]: ::1 - - [15/Mar/2026:08:36:37 +0000] "POST /api/v1/auth/login HTTP/1.1" 401 61 "http://localhost:5173/" "Mozilla/5.0 (Windows NT 10.0; Win64; x64) AppleWebKit/537.36 (KHTML, like Gecko) Chrome/146.0.0.0 Safari/537.36"
2026-03-15 10:36:58 [info]: ::1 - - [15/Mar/2026:08:36:58 +0000] "POST /api/v1/auth/login HTTP/1.1" 401 61 "http://localhost:5173/" "Mozilla/5.0 (Windows NT 10.0; Win64; x64) AppleWebKit/537.36 (KHTML, like Gecko) Chrome/146.0.0.0 Safari/537.36"
2026-03-15 10:39:23 [info]: ::1 - - [15/Mar/2026:08:39:23 +0000] "POST /api/v1/auth/login HTTP/1.1" 200 1049 "http://localhost:5173/" "Mozilla/5.0 (Windows NT 10.0; Win64; x64) AppleWebKit/537.36 (KHTML, like Gecko) Chrome/146.0.0.0 Safari/537.36"
2026-03-15 10:39:23 [info]: ::1 - - [15/Mar/2026:08:39:23 +0000] "GET /api/v1/dashboard/responsible-individual HTTP/1.1" 404 103 "http://localhost:5173/" "Mozilla/5.0 (Windows NT 10.0; Win64; x64) AppleWebKit/537.36 (KHTML, like Gecko) Chrome/146.0.0.0 Safari/537.36"
2026-03-15 10:40:01 [info]: ::1 - - [15/Mar/2026:08:40:01 +0000] "POST /api/v1/auth/login HTTP/1.1" 200 996 "http://localhost:5173/" "Mozilla/5.0 (Windows NT 10.0; Win64; x64) AppleWebKit/537.36 (KHTML, like Gecko) Chrome/146.0.0.0 Safari/537.36"
2026-03-15 10:40:01 [info]: ::1 - - [15/Mar/2026:08:40:01 +0000] "GET /api/v1/houses HTTP/1.1" 200 532 "http://localhost:5173/" "Mozilla/5.0 (Windows NT 10.0; Win64; x64) AppleWebKit/537.36 (KHTML, like Gecko) Chrome/146.0.0.0 Safari/537.36"
2026-03-15 10:40:01 [info]: ::1 - - [15/Mar/2026:08:40:01 +0000] "GET /api/v1/users?page=1&limit=1 HTTP/1.1" 200 552 "http://localhost:5173/" "Mozilla/5.0 (Windows NT 10.0; Win64; x64) AppleWebKit/537.36 (KHTML, like Gecko) Chrome/146.0.0.0 Safari/537.36"
