2026-03-15 08:13:44 [error]: Error: ENOENT: no such file or directory, scandir 'C:\Users\tanaka.majuru\Downloads\SAAS DOCS\Governance SaaS Application\backend\src\migrations'
    at Object.readdirSync (node:fs:1569:26)
    at runMigrations (C:\Users\tanaka.majuru\Downloads\SAAS DOCS\Governance SaaS Application\backend\src\scripts\migrate.ts:20:22)
    at processTicksAndRejections (node:internal/process/task_queues:103:5)
2026-03-15 08:14:08 [error]: Error: ENOENT: no such file or directory, scandir 'C:\Users\tanaka.majuru\Downloads\SAAS DOCS\Governance SaaS Application\backend\src\migrations'
    at Object.readdirSync (node:fs:1569:26)
    at runMigrations (C:\Users\tanaka.majuru\Downloads\SAAS DOCS\Governance SaaS Application\backend\src\scripts\migrate.ts:20:22)
    at processTicksAndRejections (node:internal/process/task_queues:103:5)
2026-03-15 08:16:08 [error]: Error: ENOENT: no such file or directory, scandir 'C:\Users\tanaka.majuru\Downloads\SAAS DOCS\Governance SaaS Application\backend\src\migrations'
    at Object.readdirSync (node:fs:1569:26)
    at runMigrations (C:\Users\tanaka.majuru\Downloads\SAAS DOCS\Governance SaaS Application\backend\src\scripts\migrate.ts:20:22)
    at processTicksAndRejections (node:internal/process/task_queues:103:5)
2026-03-15 08:19:31 [error]: Error: ENOENT: no such file or directory, scandir 'C:\Users\tanaka.majuru\Downloads\SAAS DOCS\Governance SaaS Application\backend\src\migrations'
    at Object.readdirSync (node:fs:1569:26)
    at runMigrations (C:\Users\tanaka.majuru\Downloads\SAAS DOCS\Governance SaaS Application\backend\src\scripts\migrate.ts:20:22)
    at processTicksAndRejections (node:internal/process/task_queues:103:5)
2026-03-15 08:23:24 [error]: Error: ENOENT: no such file or directory, scandir 'C:\Users\tanaka.majuru\Downloads\SAAS DOCS\Governance SaaS Application\backend\src\migrations'
    at Object.readdirSync (node:fs:1569:26)
    at runMigrations (C:\Users\tanaka.majuru\Downloads\SAAS DOCS\Governance SaaS Application\backend\src\scripts\migrate.ts:20:22)
    at processTicksAndRejections (node:internal/process/task_queues:103:5)
2026-03-15 17:49:28 [error]: error: column "updated_at" of relation "reports" does not exist
    at C:\Users\tanaka.majuru\Downloads\SAAS DOCS\Governance SaaS Application\backend\node_modules\pg-pool\index.js:45:11
    at processTicksAndRejections (node:internal/process/task_queues:103:5)
    at Worker.bullmq_1.Worker.connection [as processFn] (C:\Users\tanaka.majuru\Downloads\SAAS DOCS\Governance SaaS Application\backend\src\workers\report.worker.ts:16:7)
    at Worker.processJob (C:\Users\tanaka.majuru\Downloads\SAAS DOCS\Governance SaaS Application\backend\node_modules\bullmq\src\classes\worker.ts:741:22)
    at Worker.retryIfFailed (C:\Users\tanaka.majuru\Downloads\SAAS DOCS\Governance SaaS Application\backend\node_modules\bullmq\src\classes\worker.ts:944:16)
2026-03-15 17:49:28 [error]: error: column "updated_at" of relation "reports" does not exist
    at C:\Users\tanaka.majuru\Downloads\SAAS DOCS\Governance SaaS Application\backend\node_modules\pg-pool\index.js:45:11
    at processTicksAndRejections (node:internal/process/task_queues:103:5)
    at Worker.bullmq_1.Worker.connection [as processFn] (C:\Users\tanaka.majuru\Downloads\SAAS DOCS\Governance SaaS Application\backend\src\workers\report.worker.ts:16:7)
    at Worker.processJob (C:\Users\tanaka.majuru\Downloads\SAAS DOCS\Governance SaaS Application\backend\node_modules\bullmq\src\classes\worker.ts:741:22)
    at Worker.retryIfFailed (C:\Users\tanaka.majuru\Downloads\SAAS DOCS\Governance SaaS Application\backend\node_modules\bullmq\src\classes\worker.ts:944:16)
2026-03-15 17:49:44 [error]: error: column "updated_at" of relation "reports" does not exist
    at C:\Users\tanaka.majuru\Downloads\SAAS DOCS\Governance SaaS Application\backend\node_modules\pg-pool\index.js:45:11
    at processTicksAndRejections (node:internal/process/task_queues:103:5)
    at Worker.bullmq_1.Worker.connection [as processFn] (C:\Users\tanaka.majuru\Downloads\SAAS DOCS\Governance SaaS Application\backend\src\workers\report.worker.ts:16:7)
    at Worker.processJob (C:\Users\tanaka.majuru\Downloads\SAAS DOCS\Governance SaaS Application\backend\node_modules\bullmq\src\classes\worker.ts:741:22)
    at Worker.retryIfFailed (C:\Users\tanaka.majuru\Downloads\SAAS DOCS\Governance SaaS Application\backend\node_modules\bullmq\src\classes\worker.ts:944:16)
2026-03-15 17:49:44 [error]: error: column "updated_at" of relation "reports" does not exist
    at C:\Users\tanaka.majuru\Downloads\SAAS DOCS\Governance SaaS Application\backend\node_modules\pg-pool\index.js:45:11
    at processTicksAndRejections (node:internal/process/task_queues:103:5)
    at Worker.bullmq_1.Worker.connection [as processFn] (C:\Users\tanaka.majuru\Downloads\SAAS DOCS\Governance SaaS Application\backend\src\workers\report.worker.ts:16:7)
    at Worker.processJob (C:\Users\tanaka.majuru\Downloads\SAAS DOCS\Governance SaaS Application\backend\node_modules\bullmq\src\classes\worker.ts:741:22)
    at Worker.retryIfFailed (C:\Users\tanaka.majuru\Downloads\SAAS DOCS\Governance SaaS Application\backend\node_modules\bullmq\src\classes\worker.ts:944:16)
2026-03-24 20:03:32 [error]: error: check constraint "users_role_check" of relation "users" is violated by some row
    at C:\Users\tanaka.majuru\Downloads\SAAS DOCS\Governance SaaS Application\backend\node_modules\pg\lib\client.js:631:17
    at processTicksAndRejections (node:internal/process/task_queues:103:5)
    at async runMigrations (C:\Users\tanaka.majuru\Downloads\SAAS DOCS\Governance SaaS Application\backend\src\scripts\migrate.ts:40:9)
2026-03-24 20:04:06 [error]: error: check constraint "users_role_check" of relation "users" is violated by some row
    at C:\Users\tanaka.majuru\Downloads\SAAS DOCS\Governance SaaS Application\backend\node_modules\pg\lib\client.js:631:17
    at processTicksAndRejections (node:internal/process/task_queues:103:5)
    at async runMigrations (C:\Users\tanaka.majuru\Downloads\SAAS DOCS\Governance SaaS Application\backend\src\scripts\migrate.ts:40:9)
2026-03-24 21:31:00 [error]: error: new row for relation "users" violates check constraint "users_role_check"
    at C:\Users\tanaka.majuru\Downloads\SAAS DOCS\Governance SaaS Application\backend\node_modules\pg\lib\client.js:631:17
    at processTicksAndRejections (node:internal/process/task_queues:103:5)
    at async runMigrations (C:\Users\tanaka.majuru\Downloads\SAAS DOCS\Governance SaaS Application\backend\src\scripts\migrate.ts:40:9)
[OrdinCore] 2026-03-29 05:49:24 [error]: error: column e.house_id does not exist
    at C:\Users\tanaka.majuru\Downloads\SAAS DOCS\Governance SaaS Application\backend\node_modules\pg-pool\index.js:45:11
    at processTicksAndRejections (node:internal/process/task_queues:103:5)
    at generateEscalationReport (C:\Users\tanaka.majuru\Downloads\SAAS DOCS\Governance SaaS Application\backend\src\workers\report.worker.ts:144:18)
    at Worker.bullmq_1.Worker.connection [as processFn] (C:\Users\tanaka.majuru\Downloads\SAAS DOCS\Governance SaaS Application\backend\src\workers\report.worker.ts:266:48)
    at Worker.processJob (C:\Users\tanaka.majuru\Downloads\SAAS DOCS\Governance SaaS Application\backend\node_modules\bullmq\src\classes\worker.ts:741:22)
    at Worker.retryIfFailed (C:\Users\tanaka.majuru\Downloads\SAAS DOCS\Governance SaaS Application\backend\node_modules\bullmq\src\classes\worker.ts:944:16)
[OrdinCore] 2026-03-29 05:49:24 [error]: error: column e.house_id does not exist
    at C:\Users\tanaka.majuru\Downloads\SAAS DOCS\Governance SaaS Application\backend\node_modules\pg-pool\index.js:45:11
    at processTicksAndRejections (node:internal/process/task_queues:103:5)
    at generateEscalationReport (C:\Users\tanaka.majuru\Downloads\SAAS DOCS\Governance SaaS Application\backend\src\workers\report.worker.ts:144:18)
    at Worker.bullmq_1.Worker.connection [as processFn] (C:\Users\tanaka.majuru\Downloads\SAAS DOCS\Governance SaaS Application\backend\src\workers\report.worker.ts:266:48)
    at Worker.processJob (C:\Users\tanaka.majuru\Downloads\SAAS DOCS\Governance SaaS Application\backend\node_modules\bullmq\src\classes\worker.ts:741:22)
    at Worker.retryIfFailed (C:\Users\tanaka.majuru\Downloads\SAAS DOCS\Governance SaaS Application\backend\node_modules\bullmq\src\classes\worker.ts:944:16)
[OrdinCore] 2026-03-29 05:49:52 [error]: error: column e.house_id does not exist
    at C:\Users\tanaka.majuru\Downloads\SAAS DOCS\Governance SaaS Application\backend\node_modules\pg-pool\index.js:45:11
    at processTicksAndRejections (node:internal/process/task_queues:103:5)
    at generateEscalationReport (C:\Users\tanaka.majuru\Downloads\SAAS DOCS\Governance SaaS Application\backend\src\workers\report.worker.ts:144:18)
    at Worker.bullmq_1.Worker.connection [as processFn] (C:\Users\tanaka.majuru\Downloads\SAAS DOCS\Governance SaaS Application\backend\src\workers\report.worker.ts:266:48)
    at Worker.processJob (C:\Users\tanaka.majuru\Downloads\SAAS DOCS\Governance SaaS Application\backend\node_modules\bullmq\src\classes\worker.ts:741:22)
    at Worker.retryIfFailed (C:\Users\tanaka.majuru\Downloads\SAAS DOCS\Governance SaaS Application\backend\node_modules\bullmq\src\classes\worker.ts:944:16)
[OrdinCore] 2026-03-29 05:49:52 [error]: error: column e.house_id does not exist
    at C:\Users\tanaka.majuru\Downloads\SAAS DOCS\Governance SaaS Application\backend\node_modules\pg-pool\index.js:45:11
    at processTicksAndRejections (node:internal/process/task_queues:103:5)
    at generateEscalationReport (C:\Users\tanaka.majuru\Downloads\SAAS DOCS\Governance SaaS Application\backend\src\workers\report.worker.ts:144:18)
    at Worker.bullmq_1.Worker.connection [as processFn] (C:\Users\tanaka.majuru\Downloads\SAAS DOCS\Governance SaaS Application\backend\src\workers\report.worker.ts:266:48)
    at Worker.processJob (C:\Users\tanaka.majuru\Downloads\SAAS DOCS\Governance SaaS Application\backend\node_modules\bullmq\src\classes\worker.ts:741:22)
    at Worker.retryIfFailed (C:\Users\tanaka.majuru\Downloads\SAAS DOCS\Governance SaaS Application\backend\node_modules\bullmq\src\classes\worker.ts:944:16)
[OrdinCore] 2026-04-02 11:38:27 [error]: error: column "pulse_days" of relation "users" already exists
    at C:\Users\tanaka.majuru\Downloads\SAAS DOCS\Governance SaaS Application\backend\node_modules\pg\lib\client.js:631:17
    at processTicksAndRejections (node:internal/process/task_queues:103:5)
    at async runMigrations (C:\Users\tanaka.majuru\Downloads\SAAS DOCS\Governance SaaS Application\backend\src\scripts\migrate.ts:40:9)
[OrdinCore] 2026-04-02 11:38:43 [error]: error: column "pulse_days" of relation "users" already exists
    at C:\Users\tanaka.majuru\Downloads\SAAS DOCS\Governance SaaS Application\backend\node_modules\pg\lib\client.js:631:17
    at processTicksAndRejections (node:internal/process/task_queues:103:5)
    at async runMigrations (C:\Users\tanaka.majuru\Downloads\SAAS DOCS\Governance SaaS Application\backend\src\scripts\migrate.ts:40:9)
[OrdinCore] 2026-04-02 11:43:59 [error]: error: column gp.house_id does not exist
    at C:\Users\tanaka.majuru\Downloads\SAAS DOCS\Governance SaaS Application\backend\node_modules\pg\lib\client.js:631:17
    at processTicksAndRejections (node:internal/process/task_queues:103:5)
    at async runMigrations (C:\Users\tanaka.majuru\Downloads\SAAS DOCS\Governance SaaS Application\backend\src\scripts\migrate.ts:40:9)
[OrdinCore] 2026-04-02 13:10:09 [error]: Error: CORS blocked: https://ordincore.co.uk
    at origin (C:\Users\tanaka.majuru\Downloads\SAAS DOCS\Governance SaaS Application\backend\src\app.ts:45:16)
    at C:\Users\tanaka.majuru\Downloads\SAAS DOCS\Governance SaaS Application\backend\node_modules\cors\lib\index.js:219:13
    at optionsCallback (C:\Users\tanaka.majuru\Downloads\SAAS DOCS\Governance SaaS Application\backend\node_modules\cors\lib\index.js:199:9)
    at corsMiddleware (C:\Users\tanaka.majuru\Downloads\SAAS DOCS\Governance SaaS Application\backend\node_modules\cors\lib\index.js:204:7)
    at Layer.handle [as handle_request] (C:\Users\tanaka.majuru\Downloads\SAAS DOCS\Governance SaaS Application\backend\node_modules\express\lib\router\layer.js:95:5)
    at trim_prefix (C:\Users\tanaka.majuru\Downloads\SAAS DOCS\Governance SaaS Application\backend\node_modules\express\lib\router\index.js:328:13)
    at C:\Users\tanaka.majuru\Downloads\SAAS DOCS\Governance SaaS Application\backend\node_modules\express\lib\router\index.js:286:9
    at router.process_params (C:\Users\tanaka.majuru\Downloads\SAAS DOCS\Governance SaaS Application\backend\node_modules\express\lib\router\index.js:346:12)
    at next (C:\Users\tanaka.majuru\Downloads\SAAS DOCS\Governance SaaS Application\backend\node_modules\express\lib\router\index.js:280:10)
    at internalNext (C:\Users\tanaka.majuru\Downloads\SAAS DOCS\Governance SaaS Application\backend\node_modules\helmet\index.cjs:537:6)
[OrdinCore] 2026-04-07 22:45:27 [error]: error: password authentication failed for user "postgres"
    at C:\Users\tanaka.majuru\Downloads\SAAS DOCS\Governance SaaS Application\backend\node_modules\pg-pool\index.js:45:11
    at processTicksAndRejections (node:internal/process/task_queues:103:5)
    at async seed (C:\Users\tanaka.majuru\Downloads\SAAS DOCS\Governance SaaS Application\backend\seeds\001_superadmin.ts:7:18)
